{"D:\\Kuliah\\KULIAH\\Semester 8\\Tugas Akhir\\Frontend Kafe\\backend_hotel_10683\\controller\\akunController.js": {"path":"D:\\Kuliah\\KULIAH\\Semester 8\\Tugas Akhir\\Frontend Kafe\\backend_hotel_10683\\controller\\akunController.js","statementMap":{"0":{"start":{"line":1,"column":19},"end":{"line":1,"column":41}},"1":{"start":{"line":2,"column":17},"end":{"line":2,"column":45}},"2":{"start":{"line":3,"column":15},"end":{"line":3,"column":42}},"3":{"start":{"line":4,"column":26},"end":{"line":4,"column":63}},"4":{"start":{"line":5,"column":15},"end":{"line":5,"column":41}},"5":{"start":{"line":9,"column":16},"end":{"line":25,"column":1}},"6":{"start":{"line":10,"column":2},"end":{"line":24,"column":3}},"7":{"start":{"line":12,"column":20},"end":{"line":12,"column":35}},"8":{"start":{"line":14,"column":4},"end":{"line":17,"column":5}},"9":{"start":{"line":15,"column":23},"end":{"line":15,"column":77}},"10":{"start":{"line":16,"column":6},"end":{"line":16,"column":61}},"11":{"start":{"line":19,"column":21},"end":{"line":19,"column":72}},"12":{"start":{"line":20,"column":4},"end":{"line":20,"column":45}},"13":{"start":{"line":22,"column":21},"end":{"line":22,"column":60}},"14":{"start":{"line":23,"column":4},"end":{"line":23,"column":54}},"15":{"start":{"line":27,"column":23},"end":{"line":60,"column":1}},"16":{"start":{"line":28,"column":17},"end":{"line":28,"column":21}},"17":{"start":{"line":30,"column":2},"end":{"line":59,"column":3}},"18":{"start":{"line":31,"column":22},"end":{"line":31,"column":40}},"19":{"start":{"line":32,"column":28},"end":{"line":32,"column":52}},"20":{"start":{"line":33,"column":20},"end":{"line":33,"column":67}},"21":{"start":{"line":34,"column":32},"end":{"line":34,"column":51}},"22":{"start":{"line":35,"column":28},"end":{"line":35,"column":86}},"23":{"start":{"line":37,"column":4},"end":{"line":40,"column":5}},"24":{"start":{"line":38,"column":6},"end":{"line":38,"column":81}},"25":{"start":{"line":39,"column":6},"end":{"line":39,"column":63}},"26":{"start":{"line":42,"column":27},"end":{"line":42,"column":65}},"27":{"start":{"line":44,"column":4},"end":{"line":47,"column":7}},"28":{"start":{"line":49,"column":4},"end":{"line":49,"column":82}},"29":{"start":{"line":50,"column":4},"end":{"line":50,"column":52}},"30":{"start":{"line":52,"column":4},"end":{"line":58,"column":5}},"31":{"start":{"line":53,"column":6},"end":{"line":53,"column":66}},"32":{"start":{"line":54,"column":6},"end":{"line":54,"column":63}},"33":{"start":{"line":56,"column":6},"end":{"line":56,"column":66}},"34":{"start":{"line":57,"column":6},"end":{"line":57,"column":73}},"35":{"start":{"line":62,"column":0},"end":{"line":62,"column":45}}},"fnMap":{"0":{"name":"(anonymous_0)","decl":{"start":{"line":9,"column":16},"end":{"line":9,"column":17}},"loc":{"start":{"line":9,"column":36},"end":{"line":25,"column":1}},"line":9},"1":{"name":"(anonymous_1)","decl":{"start":{"line":27,"column":23},"end":{"line":27,"column":24}},"loc":{"start":{"line":27,"column":43},"end":{"line":60,"column":1}},"line":27}},"branchMap":{"0":{"loc":{"start":{"line":14,"column":4},"end":{"line":17,"column":5}},"type":"if","locations":[{"start":{"line":14,"column":4},"end":{"line":17,"column":5}},{"start":{},"end":{}}],"line":14},"1":{"loc":{"start":{"line":37,"column":4},"end":{"line":40,"column":5}},"type":"if","locations":[{"start":{"line":37,"column":4},"end":{"line":40,"column":5}},{"start":{},"end":{}}],"line":37},"2":{"loc":{"start":{"line":52,"column":4},"end":{"line":58,"column":5}},"type":"if","locations":[{"start":{"line":52,"column":4},"end":{"line":58,"column":5}},{"start":{"line":55,"column":11},"end":{"line":58,"column":5}}],"line":52}},"s":{"0":1,"1":1,"2":1,"3":1,"4":1,"5":1,"6":0,"7":0,"8":0,"9":0,"10":0,"11":0,"12":0,"13":0,"14":0,"15":1,"16":0,"17":0,"18":0,"19":0,"20":0,"21":0,"22":0,"23":0,"24":0,"25":0,"26":0,"27":0,"28":0,"29":0,"30":0,"31":0,"32":0,"33":0,"34":0,"35":1},"f":{"0":0,"1":0},"b":{"0":[0,0],"1":[0,0],"2":[0,0]},"_coverageSchema":"1a1c01bbd47fc00a2c39e90264f33305004495a9","hash":"8775c84177123e59a2007432f4053d170eea7b4d"}
,"D:\\Kuliah\\KULIAH\\Semester 8\\Tugas Akhir\\Frontend Kafe\\backend_hotel_10683\\controller\\authController.js": {"path":"D:\\Kuliah\\KULIAH\\Semester 8\\Tugas Akhir\\Frontend Kafe\\backend_hotel_10683\\controller\\authController.js","statementMap":{"0":{"start":{"line":1,"column":19},"end":{"line":1,"column":41}},"1":{"start":{"line":2,"column":12},"end":{"line":2,"column":35}},"2":{"start":{"line":3,"column":17},"end":{"line":3,"column":45}},"3":{"start":{"line":4,"column":15},"end":{"line":4,"column":42}},"4":{"start":{"line":5,"column":22},"end":{"line":5,"column":55}},"5":{"start":{"line":6,"column":23},"end":{"line":6,"column":57}},"6":{"start":{"line":7,"column":15},"end":{"line":7,"column":41}},"7":{"start":{"line":24,"column":17},"end":{"line":78,"column":1}},"8":{"start":{"line":25,"column":2},"end":{"line":77,"column":3}},"9":{"start":{"line":26,"column":20},"end":{"line":26,"column":63}},"10":{"start":{"line":28,"column":21},"end":{"line":30,"column":6}},"11":{"start":{"line":31,"column":4},"end":{"line":35,"column":5}},"12":{"start":{"line":32,"column":23},"end":{"line":32,"column":77}},"13":{"start":{"line":33,"column":6},"end":{"line":33,"column":47}},"14":{"start":{"line":34,"column":6},"end":{"line":34,"column":13}},"15":{"start":{"line":38,"column":27},"end":{"line":38,"column":62}},"16":{"start":{"line":41,"column":25},"end":{"line":41,"column":32}},"17":{"start":{"line":44,"column":20},"end":{"line":52,"column":6}},"18":{"start":{"line":54,"column":4},"end":{"line":60,"column":5}},"19":{"start":{"line":56,"column":6},"end":{"line":56,"column":62}},"20":{"start":{"line":57,"column":23},"end":{"line":57,"column":81}},"21":{"start":{"line":58,"column":6},"end":{"line":58,"column":56}},"22":{"start":{"line":59,"column":6},"end":{"line":59,"column":13}},"23":{"start":{"line":62,"column":21},"end":{"line":67,"column":5}},"24":{"start":{"line":68,"column":4},"end":{"line":68,"column":45}},"25":{"start":{"line":71,"column":4},"end":{"line":71,"column":25}},"26":{"start":{"line":72,"column":21},"end":{"line":72,"column":68}},"27":{"start":{"line":73,"column":4},"end":{"line":73,"column":54}},"28":{"start":{"line":76,"column":4},"end":{"line":76,"column":31}},"29":{"start":{"line":80,"column":14},"end":{"line":133,"column":1}},"30":{"start":{"line":81,"column":17},"end":{"line":81,"column":21}},"31":{"start":{"line":82,"column":28},"end":{"line":82,"column":60}},"32":{"start":{"line":83,"column":2},"end":{"line":132,"column":3}},"33":{"start":{"line":84,"column":20},"end":{"line":84,"column":64}},"34":{"start":{"line":86,"column":20},"end":{"line":91,"column":6}},"35":{"start":{"line":92,"column":4},"end":{"line":96,"column":5}},"36":{"start":{"line":93,"column":6},"end":{"line":93,"column":69}},"37":{"start":{"line":94,"column":6},"end":{"line":94,"column":47}},"38":{"start":{"line":95,"column":6},"end":{"line":95,"column":13}},"39":{"start":{"line":98,"column":28},"end":{"line":101,"column":5}},"40":{"start":{"line":102,"column":4},"end":{"line":106,"column":5}},"41":{"start":{"line":103,"column":6},"end":{"line":103,"column":69}},"42":{"start":{"line":104,"column":6},"end":{"line":104,"column":56}},"43":{"start":{"line":105,"column":6},"end":{"line":105,"column":13}},"44":{"start":{"line":108,"column":27},"end":{"line":117,"column":5}},"45":{"start":{"line":119,"column":17},"end":{"line":126,"column":5}},"46":{"start":{"line":127,"column":4},"end":{"line":127,"column":71}},"47":{"start":{"line":128,"column":4},"end":{"line":128,"column":45}},"48":{"start":{"line":130,"column":4},"end":{"line":130,"column":55}},"49":{"start":{"line":131,"column":4},"end":{"line":131,"column":54}},"50":{"start":{"line":135,"column":15},"end":{"line":154,"column":1}},"51":{"start":{"line":136,"column":2},"end":{"line":153,"column":3}},"52":{"start":{"line":140,"column":21},"end":{"line":144,"column":5}},"53":{"start":{"line":145,"column":4},"end":{"line":145,"column":45}},"54":{"start":{"line":147,"column":4},"end":{"line":147,"column":25}},"55":{"start":{"line":148,"column":21},"end":{"line":148,"column":69}},"56":{"start":{"line":149,"column":4},"end":{"line":149,"column":54}},"57":{"start":{"line":152,"column":4},"end":{"line":152,"column":31}},"58":{"start":{"line":156,"column":0},"end":{"line":156,"column":45}}},"fnMap":{"0":{"name":"(anonymous_0)","decl":{"start":{"line":24,"column":17},"end":{"line":24,"column":18}},"loc":{"start":{"line":24,"column":37},"end":{"line":78,"column":1}},"line":24},"1":{"name":"(anonymous_1)","decl":{"start":{"line":80,"column":14},"end":{"line":80,"column":15}},"loc":{"start":{"line":80,"column":34},"end":{"line":133,"column":1}},"line":80},"2":{"name":"(anonymous_2)","decl":{"start":{"line":135,"column":15},"end":{"line":135,"column":16}},"loc":{"start":{"line":135,"column":35},"end":{"line":154,"column":1}},"line":135}},"branchMap":{"0":{"loc":{"start":{"line":31,"column":4},"end":{"line":35,"column":5}},"type":"if","locations":[{"start":{"line":31,"column":4},"end":{"line":35,"column":5}},{"start":{},"end":{}}],"line":31},"1":{"loc":{"start":{"line":54,"column":4},"end":{"line":60,"column":5}},"type":"if","locations":[{"start":{"line":54,"column":4},"end":{"line":60,"column":5}},{"start":{},"end":{}}],"line":54},"2":{"loc":{"start":{"line":92,"column":4},"end":{"line":96,"column":5}},"type":"if","locations":[{"start":{"line":92,"column":4},"end":{"line":96,"column":5}},{"start":{},"end":{}}],"line":92},"3":{"loc":{"start":{"line":102,"column":4},"end":{"line":106,"column":5}},"type":"if","locations":[{"start":{"line":102,"column":4},"end":{"line":106,"column":5}},{"start":{},"end":{}}],"line":102}},"s":{"0":1,"1":1,"2":1,"3":1,"4":1,"5":1,"6":1,"7":1,"8":0,"9":0,"10":0,"11":0,"12":0,"13":0,"14":0,"15":0,"16":0,"17":0,"18":0,"19":0,"20":0,"21":0,"22":0,"23":0,"24":0,"25":0,"26":0,"27":0,"28":0,"29":1,"30":0,"31":0,"32":0,"33":0,"34":0,"35":0,"36":0,"37":0,"38":0,"39":0,"40":0,"41":0,"42":0,"43":0,"44":0,"45":0,"46":0,"47":0,"48":0,"49":0,"50":1,"51":0,"52":0,"53":0,"54":0,"55":0,"56":0,"57":0,"58":1},"f":{"0":0,"1":0,"2":0},"b":{"0":[0,0],"1":[0,0],"2":[0,0],"3":[0,0]},"_coverageSchema":"1a1c01bbd47fc00a2c39e90264f33305004495a9","hash":"c7c332c2d3d30897cee6929915e1b7ceb175554d"}
,"D:\\Kuliah\\KULIAH\\Semester 8\\Tugas Akhir\\Frontend Kafe\\backend_hotel_10683\\controller\\customerController.js": {"path":"D:\\Kuliah\\KULIAH\\Semester 8\\Tugas Akhir\\Frontend Kafe\\backend_hotel_10683\\controller\\customerController.js","statementMap":{"0":{"start":{"line":1,"column":19},"end":{"line":1,"column":41}},"1":{"start":{"line":2,"column":17},"end":{"line":2,"column":45}},"2":{"start":{"line":3,"column":15},"end":{"line":3,"column":42}},"3":{"start":{"line":4,"column":26},"end":{"line":4,"column":63}},"4":{"start":{"line":6,"column":20},"end":{"line":42,"column":1}},"5":{"start":{"line":7,"column":17},"end":{"line":7,"column":21}},"6":{"start":{"line":8,"column":29},"end":{"line":8,"column":62}},"7":{"start":{"line":10,"column":2},"end":{"line":41,"column":3}},"8":{"start":{"line":11,"column":22},"end":{"line":11,"column":40}},"9":{"start":{"line":13,"column":4},"end":{"line":17,"column":5}},"10":{"start":{"line":14,"column":6},"end":{"line":14,"column":76}},"11":{"start":{"line":15,"column":6},"end":{"line":15,"column":56}},"12":{"start":{"line":16,"column":6},"end":{"line":16,"column":13}},"13":{"start":{"line":19,"column":21},"end":{"line":23,"column":6}},"14":{"start":{"line":25,"column":4},"end":{"line":29,"column":5}},"15":{"start":{"line":26,"column":23},"end":{"line":26,"column":71}},"16":{"start":{"line":27,"column":6},"end":{"line":27,"column":54}},"17":{"start":{"line":28,"column":6},"end":{"line":28,"column":13}},"18":{"start":{"line":31,"column":4},"end":{"line":36,"column":6}},"19":{"start":{"line":37,"column":4},"end":{"line":37,"column":45}},"20":{"start":{"line":39,"column":21},"end":{"line":39,"column":69}},"21":{"start":{"line":40,"column":4},"end":{"line":40,"column":54}},"22":{"start":{"line":44,"column":24},"end":{"line":74,"column":1}},"23":{"start":{"line":45,"column":17},"end":{"line":45,"column":21}},"24":{"start":{"line":47,"column":2},"end":{"line":73,"column":3}},"25":{"start":{"line":48,"column":15},"end":{"line":48,"column":28}},"26":{"start":{"line":50,"column":21},"end":{"line":54,"column":6}},"27":{"start":{"line":56,"column":4},"end":{"line":64,"column":5}},"28":{"start":{"line":57,"column":23},"end":{"line":61,"column":7}},"29":{"start":{"line":62,"column":6},"end":{"line":62,"column":54}},"30":{"start":{"line":63,"column":6},"end":{"line":63,"column":13}},"31":{"start":{"line":66,"column":21},"end":{"line":68,"column":6}},"32":{"start":{"line":69,"column":4},"end":{"line":69,"column":45}},"33":{"start":{"line":71,"column":4},"end":{"line":71,"column":64}},"34":{"start":{"line":72,"column":4},"end":{"line":72,"column":54}},"35":{"start":{"line":77,"column":23},"end":{"line":107,"column":1}},"36":{"start":{"line":78,"column":17},"end":{"line":78,"column":21}},"37":{"start":{"line":80,"column":2},"end":{"line":106,"column":3}},"38":{"start":{"line":81,"column":15},"end":{"line":81,"column":28}},"39":{"start":{"line":83,"column":20},"end":{"line":87,"column":6}},"40":{"start":{"line":89,"column":4},"end":{"line":97,"column":5}},"41":{"start":{"line":90,"column":23},"end":{"line":94,"column":7}},"42":{"start":{"line":95,"column":6},"end":{"line":95,"column":54}},"43":{"start":{"line":96,"column":6},"end":{"line":96,"column":13}},"44":{"start":{"line":99,"column":21},"end":{"line":101,"column":6}},"45":{"start":{"line":102,"column":4},"end":{"line":102,"column":45}},"46":{"start":{"line":104,"column":4},"end":{"line":104,"column":64}},"47":{"start":{"line":105,"column":4},"end":{"line":105,"column":54}},"48":{"start":{"line":109,"column":20},"end":{"line":171,"column":1}},"49":{"start":{"line":110,"column":17},"end":{"line":110,"column":21}},"50":{"start":{"line":111,"column":2},"end":{"line":170,"column":3}},"51":{"start":{"line":112,"column":22},"end":{"line":112,"column":40}},"52":{"start":{"line":113,"column":24},"end":{"line":113,"column":46}},"53":{"start":{"line":116,"column":26},"end":{"line":120,"column":6}},"54":{"start":{"line":122,"column":4},"end":{"line":143,"column":5}},"55":{"start":{"line":123,"column":6},"end":{"line":131,"column":7}},"56":{"start":{"line":124,"column":25},"end":{"line":128,"column":9}},"57":{"start":{"line":129,"column":8},"end":{"line":129,"column":58}},"58":{"start":{"line":130,"column":8},"end":{"line":130,"column":15}},"59":{"start":{"line":132,"column":6},"end":{"line":132,"column":43}},"60":{"start":{"line":133,"column":11},"end":{"line":143,"column":5}},"61":{"start":{"line":134,"column":6},"end":{"line":134,"column":39}},"62":{"start":{"line":136,"column":23},"end":{"line":140,"column":7}},"63":{"start":{"line":141,"column":6},"end":{"line":141,"column":47}},"64":{"start":{"line":142,"column":6},"end":{"line":142,"column":13}},"65":{"start":{"line":146,"column":4},"end":{"line":146,"column":42}},"66":{"start":{"line":148,"column":24},"end":{"line":148,"column":71}},"67":{"start":{"line":150,"column":4},"end":{"line":154,"column":5}},"68":{"start":{"line":151,"column":6},"end":{"line":151,"column":76}},"69":{"start":{"line":152,"column":6},"end":{"line":152,"column":56}},"70":{"start":{"line":153,"column":6},"end":{"line":153,"column":13}},"71":{"start":{"line":156,"column":21},"end":{"line":158,"column":6}},"72":{"start":{"line":160,"column":4},"end":{"line":165,"column":6}},"73":{"start":{"line":166,"column":4},"end":{"line":166,"column":45}},"74":{"start":{"line":168,"column":4},"end":{"line":168,"column":64}},"75":{"start":{"line":169,"column":4},"end":{"line":169,"column":54}},"76":{"start":{"line":173,"column":23},"end":{"line":236,"column":1}},"77":{"start":{"line":174,"column":17},"end":{"line":174,"column":21}},"78":{"start":{"line":176,"column":2},"end":{"line":235,"column":3}},"79":{"start":{"line":177,"column":22},"end":{"line":177,"column":40}},"80":{"start":{"line":178,"column":24},"end":{"line":178,"column":46}},"81":{"start":{"line":179,"column":15},"end":{"line":179,"column":28}},"82":{"start":{"line":181,"column":4},"end":{"line":185,"column":5}},"83":{"start":{"line":182,"column":6},"end":{"line":182,"column":43}},"84":{"start":{"line":183,"column":11},"end":{"line":185,"column":5}},"85":{"start":{"line":184,"column":6},"end":{"line":184,"column":39}},"86":{"start":{"line":187,"column":4},"end":{"line":187,"column":42}},"87":{"start":{"line":188,"column":28},"end":{"line":188,"column":75}},"88":{"start":{"line":190,"column":21},"end":{"line":194,"column":6}},"89":{"start":{"line":196,"column":4},"end":{"line":204,"column":5}},"90":{"start":{"line":197,"column":23},"end":{"line":201,"column":7}},"91":{"start":{"line":202,"column":6},"end":{"line":202,"column":56}},"92":{"start":{"line":203,"column":6},"end":{"line":203,"column":13}},"93":{"start":{"line":207,"column":4},"end":{"line":215,"column":5}},"94":{"start":{"line":208,"column":23},"end":{"line":212,"column":7}},"95":{"start":{"line":213,"column":6},"end":{"line":213,"column":56}},"96":{"start":{"line":214,"column":6},"end":{"line":214,"column":13}},"97":{"start":{"line":217,"column":20},"end":{"line":223,"column":6}},"98":{"start":{"line":225,"column":4},"end":{"line":230,"column":6}},"99":{"start":{"line":231,"column":4},"end":{"line":231,"column":45}},"100":{"start":{"line":233,"column":4},"end":{"line":233,"column":64}},"101":{"start":{"line":234,"column":4},"end":{"line":234,"column":54}},"102":{"start":{"line":240,"column":28},"end":{"line":405,"column":1}},"103":{"start":{"line":241,"column":17},"end":{"line":241,"column":21}},"104":{"start":{"line":242,"column":28},"end":{"line":242,"column":60}},"105":{"start":{"line":244,"column":2},"end":{"line":404,"column":3}},"106":{"start":{"line":245,"column":22},"end":{"line":245,"column":40}},"107":{"start":{"line":246,"column":24},"end":{"line":246,"column":46}},"108":{"start":{"line":249,"column":6},"end":{"line":249,"column":15}},"109":{"start":{"line":251,"column":22},"end":{"line":251,"column":24}},"110":{"start":{"line":253,"column":4},"end":{"line":352,"column":5}},"111":{"start":{"line":254,"column":22},"end":{"line":258,"column":8}},"112":{"start":{"line":260,"column":6},"end":{"line":268,"column":7}},"113":{"start":{"line":261,"column":25},"end":{"line":265,"column":9}},"114":{"start":{"line":266,"column":8},"end":{"line":266,"column":49}},"115":{"start":{"line":267,"column":8},"end":{"line":267,"column":15}},"116":{"start":{"line":270,"column":24},"end":{"line":270,"column":34}},"117":{"start":{"line":272,"column":6},"end":{"line":274,"column":8}},"118":{"start":{"line":275,"column":11},"end":{"line":352,"column":5}},"119":{"start":{"line":276,"column":23},"end":{"line":280,"column":8}},"120":{"start":{"line":282,"column":6},"end":{"line":290,"column":7}},"121":{"start":{"line":283,"column":25},"end":{"line":287,"column":9}},"122":{"start":{"line":288,"column":8},"end":{"line":288,"column":49}},"123":{"start":{"line":289,"column":8},"end":{"line":289,"column":15}},"124":{"start":{"line":292,"column":25},"end":{"line":292,"column":36}},"125":{"start":{"line":294,"column":6},"end":{"line":296,"column":8}},"126":{"start":{"line":297,"column":11},"end":{"line":352,"column":5}},"127":{"start":{"line":298,"column":17},"end":{"line":302,"column":8}},"128":{"start":{"line":304,"column":6},"end":{"line":308,"column":7}},"129":{"start":{"line":305,"column":25},"end":{"line":305,"column":79}},"130":{"start":{"line":306,"column":8},"end":{"line":306,"column":49}},"131":{"start":{"line":307,"column":8},"end":{"line":307,"column":15}},"132":{"start":{"line":310,"column":6},"end":{"line":314,"column":8}},"133":{"start":{"line":315,"column":11},"end":{"line":352,"column":5}},"134":{"start":{"line":316,"column":22},"end":{"line":320,"column":8}},"135":{"start":{"line":322,"column":6},"end":{"line":330,"column":7}},"136":{"start":{"line":323,"column":25},"end":{"line":327,"column":9}},"137":{"start":{"line":328,"column":8},"end":{"line":328,"column":49}},"138":{"start":{"line":329,"column":8},"end":{"line":329,"column":15}},"139":{"start":{"line":332,"column":24},"end":{"line":332,"column":50}},"140":{"start":{"line":333,"column":23},"end":{"line":333,"column":59}},"141":{"start":{"line":335,"column":24},"end":{"line":335,"column":66}},"142":{"start":{"line":336,"column":22},"end":{"line":336,"column":103}},"143":{"start":{"line":338,"column":6},"end":{"line":345,"column":8}},"144":{"start":{"line":350,"column":6},"end":{"line":350,"column":37}},"145":{"start":{"line":351,"column":6},"end":{"line":351,"column":42}},"146":{"start":{"line":354,"column":4},"end":{"line":363,"column":5}},"147":{"start":{"line":356,"column":6},"end":{"line":362,"column":7}},"148":{"start":{"line":357,"column":8},"end":{"line":359,"column":10}},"149":{"start":{"line":361,"column":8},"end":{"line":361,"column":36}},"150":{"start":{"line":365,"column":4},"end":{"line":371,"column":5}},"151":{"start":{"line":366,"column":6},"end":{"line":370,"column":8}},"152":{"start":{"line":373,"column":4},"end":{"line":377,"column":5}},"153":{"start":{"line":374,"column":6},"end":{"line":376,"column":8}},"154":{"start":{"line":379,"column":29},"end":{"line":392,"column":6}},"155":{"start":{"line":394,"column":4},"end":{"line":399,"column":6}},"156":{"start":{"line":400,"column":4},"end":{"line":400,"column":45}},"157":{"start":{"line":402,"column":4},"end":{"line":402,"column":64}},"158":{"start":{"line":403,"column":4},"end":{"line":403,"column":54}},"159":{"start":{"line":407,"column":34},"end":{"line":464,"column":1}},"160":{"start":{"line":408,"column":17},"end":{"line":408,"column":21}},"161":{"start":{"line":409,"column":28},"end":{"line":409,"column":60}},"162":{"start":{"line":411,"column":2},"end":{"line":463,"column":3}},"163":{"start":{"line":412,"column":24},"end":{"line":412,"column":37}},"164":{"start":{"line":414,"column":35},"end":{"line":441,"column":6}},"165":{"start":{"line":443,"column":4},"end":{"line":451,"column":5}},"166":{"start":{"line":444,"column":23},"end":{"line":448,"column":7}},"167":{"start":{"line":449,"column":6},"end":{"line":449,"column":47}},"168":{"start":{"line":450,"column":6},"end":{"line":450,"column":13}},"169":{"start":{"line":453,"column":4},"end":{"line":458,"column":6}},"170":{"start":{"line":459,"column":4},"end":{"line":459,"column":45}},"171":{"start":{"line":461,"column":4},"end":{"line":461,"column":64}},"172":{"start":{"line":462,"column":4},"end":{"line":462,"column":54}},"173":{"start":{"line":466,"column":0},"end":{"line":474,"column":2}}},"fnMap":{"0":{"name":"(anonymous_0)","decl":{"start":{"line":6,"column":20},"end":{"line":6,"column":21}},"loc":{"start":{"line":6,"column":40},"end":{"line":42,"column":1}},"line":6},"1":{"name":"(anonymous_1)","decl":{"start":{"line":44,"column":24},"end":{"line":44,"column":25}},"loc":{"start":{"line":44,"column":44},"end":{"line":74,"column":1}},"line":44},"2":{"name":"(anonymous_2)","decl":{"start":{"line":77,"column":23},"end":{"line":77,"column":24}},"loc":{"start":{"line":77,"column":43},"end":{"line":107,"column":1}},"line":77},"3":{"name":"(anonymous_3)","decl":{"start":{"line":109,"column":20},"end":{"line":109,"column":21}},"loc":{"start":{"line":109,"column":40},"end":{"line":171,"column":1}},"line":109},"4":{"name":"(anonymous_4)","decl":{"start":{"line":173,"column":23},"end":{"line":173,"column":24}},"loc":{"start":{"line":173,"column":43},"end":{"line":236,"column":1}},"line":173},"5":{"name":"(anonymous_5)","decl":{"start":{"line":240,"column":28},"end":{"line":240,"column":29}},"loc":{"start":{"line":240,"column":48},"end":{"line":405,"column":1}},"line":240},"6":{"name":"(anonymous_6)","decl":{"start":{"line":407,"column":34},"end":{"line":407,"column":35}},"loc":{"start":{"line":407,"column":54},"end":{"line":464,"column":1}},"line":407}},"branchMap":{"0":{"loc":{"start":{"line":13,"column":4},"end":{"line":17,"column":5}},"type":"if","locations":[{"start":{"line":13,"column":4},"end":{"line":17,"column":5}},{"start":{},"end":{}}],"line":13},"1":{"loc":{"start":{"line":25,"column":4},"end":{"line":29,"column":5}},"type":"if","locations":[{"start":{"line":25,"column":4},"end":{"line":29,"column":5}},{"start":{},"end":{}}],"line":25},"2":{"loc":{"start":{"line":56,"column":4},"end":{"line":64,"column":5}},"type":"if","locations":[{"start":{"line":56,"column":4},"end":{"line":64,"column":5}},{"start":{},"end":{}}],"line":56},"3":{"loc":{"start":{"line":89,"column":4},"end":{"line":97,"column":5}},"type":"if","locations":[{"start":{"line":89,"column":4},"end":{"line":97,"column":5}},{"start":{},"end":{}}],"line":89},"4":{"loc":{"start":{"line":122,"column":4},"end":{"line":143,"column":5}},"type":"if","locations":[{"start":{"line":122,"column":4},"end":{"line":143,"column":5}},{"start":{"line":133,"column":11},"end":{"line":143,"column":5}}],"line":122},"5":{"loc":{"start":{"line":123,"column":6},"end":{"line":131,"column":7}},"type":"if","locations":[{"start":{"line":123,"column":6},"end":{"line":131,"column":7}},{"start":{},"end":{}}],"line":123},"6":{"loc":{"start":{"line":133,"column":11},"end":{"line":143,"column":5}},"type":"if","locations":[{"start":{"line":133,"column":11},"end":{"line":143,"column":5}},{"start":{"line":135,"column":11},"end":{"line":143,"column":5}}],"line":133},"7":{"loc":{"start":{"line":150,"column":4},"end":{"line":154,"column":5}},"type":"if","locations":[{"start":{"line":150,"column":4},"end":{"line":154,"column":5}},{"start":{},"end":{}}],"line":150},"8":{"loc":{"start":{"line":181,"column":4},"end":{"line":185,"column":5}},"type":"if","locations":[{"start":{"line":181,"column":4},"end":{"line":185,"column":5}},{"start":{"line":183,"column":11},"end":{"line":185,"column":5}}],"line":181},"9":{"loc":{"start":{"line":183,"column":11},"end":{"line":185,"column":5}},"type":"if","locations":[{"start":{"line":183,"column":11},"end":{"line":185,"column":5}},{"start":{},"end":{}}],"line":183},"10":{"loc":{"start":{"line":196,"column":4},"end":{"line":204,"column":5}},"type":"if","locations":[{"start":{"line":196,"column":4},"end":{"line":204,"column":5}},{"start":{},"end":{}}],"line":196},"11":{"loc":{"start":{"line":207,"column":4},"end":{"line":215,"column":5}},"type":"if","locations":[{"start":{"line":207,"column":4},"end":{"line":215,"column":5}},{"start":{},"end":{}}],"line":207},"12":{"loc":{"start":{"line":253,"column":4},"end":{"line":352,"column":5}},"type":"if","locations":[{"start":{"line":253,"column":4},"end":{"line":352,"column":5}},{"start":{"line":275,"column":11},"end":{"line":352,"column":5}}],"line":253},"13":{"loc":{"start":{"line":260,"column":6},"end":{"line":268,"column":7}},"type":"if","locations":[{"start":{"line":260,"column":6},"end":{"line":268,"column":7}},{"start":{},"end":{}}],"line":260},"14":{"loc":{"start":{"line":275,"column":11},"end":{"line":352,"column":5}},"type":"if","locations":[{"start":{"line":275,"column":11},"end":{"line":352,"column":5}},{"start":{"line":297,"column":11},"end":{"line":352,"column":5}}],"line":275},"15":{"loc":{"start":{"line":282,"column":6},"end":{"line":290,"column":7}},"type":"if","locations":[{"start":{"line":282,"column":6},"end":{"line":290,"column":7}},{"start":{},"end":{}}],"line":282},"16":{"loc":{"start":{"line":297,"column":11},"end":{"line":352,"column":5}},"type":"if","locations":[{"start":{"line":297,"column":11},"end":{"line":352,"column":5}},{"start":{"line":315,"column":11},"end":{"line":352,"column":5}}],"line":297},"17":{"loc":{"start":{"line":304,"column":6},"end":{"line":308,"column":7}},"type":"if","locations":[{"start":{"line":304,"column":6},"end":{"line":308,"column":7}},{"start":{},"end":{}}],"line":304},"18":{"loc":{"start":{"line":312,"column":18},"end":{"line":312,"column":78}},"type":"cond-expr","locations":[{"start":{"line":312,"column":29},"end":{"line":312,"column":66}},{"start":{"line":312,"column":69},"end":{"line":312,"column":78}}],"line":312},"19":{"loc":{"start":{"line":315,"column":11},"end":{"line":352,"column":5}},"type":"if","locations":[{"start":{"line":315,"column":11},"end":{"line":352,"column":5}},{"start":{},"end":{}}],"line":315},"20":{"loc":{"start":{"line":315,"column":15},"end":{"line":315,"column":53}},"type":"binary-expr","locations":[{"start":{"line":315,"column":15},"end":{"line":315,"column":32}},{"start":{"line":315,"column":36},"end":{"line":315,"column":53}}],"line":315},"21":{"loc":{"start":{"line":322,"column":6},"end":{"line":330,"column":7}},"type":"if","locations":[{"start":{"line":322,"column":6},"end":{"line":330,"column":7}},{"start":{},"end":{}}],"line":322},"22":{"loc":{"start":{"line":333,"column":23},"end":{"line":333,"column":59}},"type":"cond-expr","locations":[{"start":{"line":333,"column":48},"end":{"line":333,"column":52}},{"start":{"line":333,"column":55},"end":{"line":333,"column":59}}],"line":333},"23":{"loc":{"start":{"line":339,"column":27},"end":{"line":344,"column":21}},"type":"cond-expr","locations":[{"start":{"line":340,"column":12},"end":{"line":343,"column":13}},{"start":{"line":344,"column":12},"end":{"line":344,"column":21}}],"line":339},"24":{"loc":{"start":{"line":354,"column":4},"end":{"line":363,"column":5}},"type":"if","locations":[{"start":{"line":354,"column":4},"end":{"line":363,"column":5}},{"start":{},"end":{}}],"line":354},"25":{"loc":{"start":{"line":356,"column":6},"end":{"line":362,"column":7}},"type":"if","locations":[{"start":{"line":356,"column":6},"end":{"line":362,"column":7}},{"start":{"line":360,"column":13},"end":{"line":362,"column":7}}],"line":356},"26":{"loc":{"start":{"line":365,"column":4},"end":{"line":371,"column":5}},"type":"if","locations":[{"start":{"line":365,"column":4},"end":{"line":371,"column":5}},{"start":{},"end":{}}],"line":365},"27":{"loc":{"start":{"line":373,"column":4},"end":{"line":377,"column":5}},"type":"if","locations":[{"start":{"line":373,"column":4},"end":{"line":377,"column":5}},{"start":{},"end":{}}],"line":373},"28":{"loc":{"start":{"line":443,"column":4},"end":{"line":451,"column":5}},"type":"if","locations":[{"start":{"line":443,"column":4},"end":{"line":451,"column":5}},{"start":{},"end":{}}],"line":443}},"s":{"0":1,"1":1,"2":1,"3":1,"4":1,"5":0,"6":0,"7":0,"8":0,"9":0,"10":0,"11":0,"12":0,"13":0,"14":0,"15":0,"16":0,"17":0,"18":0,"19":0,"20":0,"21":0,"22":1,"23":0,"24":0,"25":0,"26":0,"27":0,"28":0,"29":0,"30":0,"31":0,"32":0,"33":0,"34":0,"35":1,"36":0,"37":0,"38":0,"39":0,"40":0,"41":0,"42":0,"43":0,"44":0,"45":0,"46":0,"47":0,"48":1,"49":0,"50":0,"51":0,"52":0,"53":0,"54":0,"55":0,"56":0,"57":0,"58":0,"59":0,"60":0,"61":0,"62":0,"63":0,"64":0,"65":0,"66":0,"67":0,"68":0,"69":0,"70":0,"71":0,"72":0,"73":0,"74":0,"75":0,"76":1,"77":0,"78":0,"79":0,"80":0,"81":0,"82":0,"83":0,"84":0,"85":0,"86":0,"87":0,"88":0,"89":0,"90":0,"91":0,"92":0,"93":0,"94":0,"95":0,"96":0,"97":0,"98":0,"99":0,"100":0,"101":0,"102":1,"103":0,"104":0,"105":0,"106":0,"107":0,"108":0,"109":0,"110":0,"111":0,"112":0,"113":0,"114":0,"115":0,"116":0,"117":0,"118":0,"119":0,"120":0,"121":0,"122":0,"123":0,"124":0,"125":0,"126":0,"127":0,"128":0,"129":0,"130":0,"131":0,"132":0,"133":0,"134":0,"135":0,"136":0,"137":0,"138":0,"139":0,"140":0,"141":0,"142":0,"143":0,"144":0,"145":0,"146":0,"147":0,"148":0,"149":0,"150":0,"151":0,"152":0,"153":0,"154":0,"155":0,"156":0,"157":0,"158":0,"159":1,"160":0,"161":0,"162":0,"163":0,"164":0,"165":0,"166":0,"167":0,"168":0,"169":0,"170":0,"171":0,"172":0,"173":1},"f":{"0":0,"1":0,"2":0,"3":0,"4":0,"5":0,"6":0},"b":{"0":[0,0],"1":[0,0],"2":[0,0],"3":[0,0],"4":[0,0],"5":[0,0],"6":[0,0],"7":[0,0],"8":[0,0],"9":[0,0],"10":[0,0],"11":[0,0],"12":[0,0],"13":[0,0],"14":[0,0],"15":[0,0],"16":[0,0],"17":[0,0],"18":[0,0],"19":[0,0],"20":[0,0],"21":[0,0],"22":[0,0],"23":[0,0],"24":[0,0],"25":[0,0],"26":[0,0],"27":[0,0],"28":[0,0]},"_coverageSchema":"1a1c01bbd47fc00a2c39e90264f33305004495a9","hash":"8013e49ea480c802e1531098a0cb9c984923ad69"}
,"D:\\Kuliah\\KULIAH\\Semester 8\\Tugas Akhir\\Frontend Kafe\\backend_hotel_10683\\controller\\fasilitasController.js": {"path":"D:\\Kuliah\\KULIAH\\Semester 8\\Tugas Akhir\\Frontend Kafe\\backend_hotel_10683\\controller\\fasilitasController.js","statementMap":{"0":{"start":{"line":1,"column":19},"end":{"line":1,"column":41}},"1":{"start":{"line":2,"column":17},"end":{"line":2,"column":45}},"2":{"start":{"line":3,"column":15},"end":{"line":3,"column":42}},"3":{"start":{"line":4,"column":27},"end":{"line":4,"column":65}},"4":{"start":{"line":6,"column":24},"end":{"line":25,"column":1}},"5":{"start":{"line":7,"column":17},"end":{"line":7,"column":21}},"6":{"start":{"line":8,"column":30},"end":{"line":8,"column":64}},"7":{"start":{"line":10,"column":2},"end":{"line":24,"column":3}},"8":{"start":{"line":11,"column":22},"end":{"line":11,"column":63}},"9":{"start":{"line":13,"column":4},"end":{"line":17,"column":5}},"10":{"start":{"line":14,"column":23},"end":{"line":14,"column":81}},"11":{"start":{"line":15,"column":6},"end":{"line":15,"column":54}},"12":{"start":{"line":16,"column":6},"end":{"line":16,"column":13}},"13":{"start":{"line":19,"column":4},"end":{"line":19,"column":84}},"14":{"start":{"line":20,"column":4},"end":{"line":20,"column":45}},"15":{"start":{"line":22,"column":21},"end":{"line":22,"column":68}},"16":{"start":{"line":23,"column":4},"end":{"line":23,"column":54}},"17":{"start":{"line":27,"column":25},"end":{"line":51,"column":1}},"18":{"start":{"line":28,"column":17},"end":{"line":28,"column":21}},"19":{"start":{"line":30,"column":2},"end":{"line":50,"column":3}},"20":{"start":{"line":31,"column":15},"end":{"line":31,"column":28}},"21":{"start":{"line":33,"column":30},"end":{"line":37,"column":6}},"22":{"start":{"line":39,"column":4},"end":{"line":43,"column":5}},"23":{"start":{"line":40,"column":23},"end":{"line":40,"column":92}},"24":{"start":{"line":41,"column":6},"end":{"line":41,"column":54}},"25":{"start":{"line":42,"column":6},"end":{"line":42,"column":13}},"26":{"start":{"line":45,"column":21},"end":{"line":45,"column":93}},"27":{"start":{"line":46,"column":4},"end":{"line":46,"column":45}},"28":{"start":{"line":48,"column":4},"end":{"line":48,"column":63}},"29":{"start":{"line":49,"column":4},"end":{"line":49,"column":54}},"30":{"start":{"line":53,"column":27},"end":{"line":77,"column":1}},"31":{"start":{"line":54,"column":17},"end":{"line":54,"column":21}},"32":{"start":{"line":55,"column":2},"end":{"line":76,"column":3}},"33":{"start":{"line":56,"column":27},"end":{"line":56,"column":52}},"34":{"start":{"line":58,"column":22},"end":{"line":62,"column":6}},"35":{"start":{"line":64,"column":4},"end":{"line":69,"column":5}},"36":{"start":{"line":65,"column":6},"end":{"line":68,"column":9}},"37":{"start":{"line":71,"column":21},"end":{"line":71,"column":74}},"38":{"start":{"line":72,"column":4},"end":{"line":72,"column":45}},"39":{"start":{"line":74,"column":4},"end":{"line":74,"column":63}},"40":{"start":{"line":75,"column":4},"end":{"line":75,"column":54}},"41":{"start":{"line":79,"column":21},"end":{"line":99,"column":1}},"42":{"start":{"line":80,"column":17},"end":{"line":80,"column":21}},"43":{"start":{"line":81,"column":2},"end":{"line":98,"column":3}},"44":{"start":{"line":82,"column":25},"end":{"line":82,"column":73}},"45":{"start":{"line":84,"column":22},"end":{"line":86,"column":6}},"46":{"start":{"line":88,"column":21},"end":{"line":93,"column":5}},"47":{"start":{"line":94,"column":4},"end":{"line":94,"column":45}},"48":{"start":{"line":96,"column":4},"end":{"line":96,"column":63}},"49":{"start":{"line":97,"column":4},"end":{"line":97,"column":54}},"50":{"start":{"line":101,"column":24},"end":{"line":139,"column":1}},"51":{"start":{"line":102,"column":17},"end":{"line":102,"column":21}},"52":{"start":{"line":104,"column":2},"end":{"line":138,"column":3}},"53":{"start":{"line":105,"column":15},"end":{"line":105,"column":28}},"54":{"start":{"line":106,"column":29},"end":{"line":106,"column":77}},"55":{"start":{"line":108,"column":22},"end":{"line":112,"column":6}},"56":{"start":{"line":114,"column":4},"end":{"line":118,"column":5}},"57":{"start":{"line":115,"column":23},"end":{"line":115,"column":84}},"58":{"start":{"line":116,"column":6},"end":{"line":116,"column":54}},"59":{"start":{"line":117,"column":6},"end":{"line":117,"column":13}},"60":{"start":{"line":120,"column":20},"end":{"line":126,"column":6}},"61":{"start":{"line":128,"column":21},"end":{"line":133,"column":5}},"62":{"start":{"line":134,"column":4},"end":{"line":134,"column":45}},"63":{"start":{"line":136,"column":4},"end":{"line":136,"column":63}},"64":{"start":{"line":137,"column":4},"end":{"line":137,"column":54}},"65":{"start":{"line":141,"column":24},"end":{"line":175,"column":1}},"66":{"start":{"line":142,"column":13},"end":{"line":142,"column":26}},"67":{"start":{"line":143,"column":17},"end":{"line":143,"column":21}},"68":{"start":{"line":145,"column":2},"end":{"line":174,"column":3}},"69":{"start":{"line":146,"column":22},"end":{"line":150,"column":6}},"70":{"start":{"line":152,"column":4},"end":{"line":156,"column":5}},"71":{"start":{"line":153,"column":23},"end":{"line":153,"column":83}},"72":{"start":{"line":154,"column":6},"end":{"line":154,"column":54}},"73":{"start":{"line":155,"column":6},"end":{"line":155,"column":13}},"74":{"start":{"line":158,"column":20},"end":{"line":162,"column":6}},"75":{"start":{"line":164,"column":21},"end":{"line":169,"column":5}},"76":{"start":{"line":170,"column":4},"end":{"line":170,"column":45}},"77":{"start":{"line":172,"column":4},"end":{"line":172,"column":63}},"78":{"start":{"line":173,"column":4},"end":{"line":173,"column":54}},"79":{"start":{"line":177,"column":0},"end":{"line":184,"column":2}}},"fnMap":{"0":{"name":"(anonymous_0)","decl":{"start":{"line":6,"column":24},"end":{"line":6,"column":25}},"loc":{"start":{"line":6,"column":44},"end":{"line":25,"column":1}},"line":6},"1":{"name":"(anonymous_1)","decl":{"start":{"line":27,"column":25},"end":{"line":27,"column":26}},"loc":{"start":{"line":27,"column":45},"end":{"line":51,"column":1}},"line":27},"2":{"name":"(anonymous_2)","decl":{"start":{"line":53,"column":27},"end":{"line":53,"column":28}},"loc":{"start":{"line":53,"column":47},"end":{"line":77,"column":1}},"line":53},"3":{"name":"(anonymous_3)","decl":{"start":{"line":79,"column":21},"end":{"line":79,"column":22}},"loc":{"start":{"line":79,"column":41},"end":{"line":99,"column":1}},"line":79},"4":{"name":"(anonymous_4)","decl":{"start":{"line":101,"column":24},"end":{"line":101,"column":25}},"loc":{"start":{"line":101,"column":44},"end":{"line":139,"column":1}},"line":101},"5":{"name":"(anonymous_5)","decl":{"start":{"line":141,"column":24},"end":{"line":141,"column":25}},"loc":{"start":{"line":141,"column":44},"end":{"line":175,"column":1}},"line":141}},"branchMap":{"0":{"loc":{"start":{"line":13,"column":4},"end":{"line":17,"column":5}},"type":"if","locations":[{"start":{"line":13,"column":4},"end":{"line":17,"column":5}},{"start":{},"end":{}}],"line":13},"1":{"loc":{"start":{"line":39,"column":4},"end":{"line":43,"column":5}},"type":"if","locations":[{"start":{"line":39,"column":4},"end":{"line":43,"column":5}},{"start":{},"end":{}}],"line":39},"2":{"loc":{"start":{"line":64,"column":4},"end":{"line":69,"column":5}},"type":"if","locations":[{"start":{"line":64,"column":4},"end":{"line":69,"column":5}},{"start":{},"end":{}}],"line":64},"3":{"loc":{"start":{"line":114,"column":4},"end":{"line":118,"column":5}},"type":"if","locations":[{"start":{"line":114,"column":4},"end":{"line":118,"column":5}},{"start":{},"end":{}}],"line":114},"4":{"loc":{"start":{"line":152,"column":4},"end":{"line":156,"column":5}},"type":"if","locations":[{"start":{"line":152,"column":4},"end":{"line":156,"column":5}},{"start":{},"end":{}}],"line":152}},"s":{"0":1,"1":1,"2":1,"3":1,"4":1,"5":0,"6":0,"7":0,"8":0,"9":0,"10":0,"11":0,"12":0,"13":0,"14":0,"15":0,"16":0,"17":1,"18":0,"19":0,"20":0,"21":0,"22":0,"23":0,"24":0,"25":0,"26":0,"27":0,"28":0,"29":0,"30":1,"31":0,"32":0,"33":0,"34":0,"35":0,"36":0,"37":0,"38":0,"39":0,"40":0,"41":1,"42":0,"43":0,"44":0,"45":0,"46":0,"47":0,"48":0,"49":0,"50":1,"51":0,"52":0,"53":0,"54":0,"55":0,"56":0,"57":0,"58":0,"59":0,"60":0,"61":0,"62":0,"63":0,"64":0,"65":1,"66":0,"67":0,"68":0,"69":0,"70":0,"71":0,"72":0,"73":0,"74":0,"75":0,"76":0,"77":0,"78":0,"79":1},"f":{"0":0,"1":0,"2":0,"3":0,"4":0,"5":0},"b":{"0":[0,0],"1":[0,0],"2":[0,0],"3":[0,0],"4":[0,0]},"_coverageSchema":"1a1c01bbd47fc00a2c39e90264f33305004495a9","hash":"f1803a942a3a19634f06fb2d597349b32ea79dda"}
,"D:\\Kuliah\\KULIAH\\Semester 8\\Tugas Akhir\\Frontend Kafe\\backend_hotel_10683\\controller\\kamarController.js": {"path":"D:\\Kuliah\\KULIAH\\Semester 8\\Tugas Akhir\\Frontend Kafe\\backend_hotel_10683\\controller\\kamarController.js","statementMap":{"0":{"start":{"line":1,"column":19},"end":{"line":1,"column":41}},"1":{"start":{"line":2,"column":17},"end":{"line":2,"column":45}},"2":{"start":{"line":3,"column":15},"end":{"line":3,"column":42}},"3":{"start":{"line":4,"column":23},"end":{"line":4,"column":57}},"4":{"start":{"line":5,"column":30},"end":{"line":5,"column":71}},"5":{"start":{"line":6,"column":29},"end":{"line":6,"column":69}},"6":{"start":{"line":8,"column":20},"end":{"line":36,"column":1}},"7":{"start":{"line":9,"column":17},"end":{"line":9,"column":21}},"8":{"start":{"line":10,"column":26},"end":{"line":10,"column":56}},"9":{"start":{"line":12,"column":2},"end":{"line":35,"column":3}},"10":{"start":{"line":13,"column":18},"end":{"line":22,"column":6}},"11":{"start":{"line":24,"column":4},"end":{"line":28,"column":5}},"12":{"start":{"line":25,"column":23},"end":{"line":25,"column":77}},"13":{"start":{"line":26,"column":6},"end":{"line":26,"column":54}},"14":{"start":{"line":27,"column":6},"end":{"line":27,"column":13}},"15":{"start":{"line":30,"column":4},"end":{"line":30,"column":77}},"16":{"start":{"line":31,"column":4},"end":{"line":31,"column":45}},"17":{"start":{"line":33,"column":21},"end":{"line":33,"column":69}},"18":{"start":{"line":34,"column":4},"end":{"line":34,"column":54}},"19":{"start":{"line":38,"column":25},"end":{"line":61,"column":1}},"20":{"start":{"line":39,"column":17},"end":{"line":39,"column":21}},"21":{"start":{"line":40,"column":26},"end":{"line":40,"column":56}},"22":{"start":{"line":42,"column":2},"end":{"line":60,"column":3}},"23":{"start":{"line":43,"column":18},"end":{"line":47,"column":6}},"24":{"start":{"line":49,"column":4},"end":{"line":53,"column":5}},"25":{"start":{"line":50,"column":23},"end":{"line":50,"column":77}},"26":{"start":{"line":51,"column":6},"end":{"line":51,"column":54}},"27":{"start":{"line":52,"column":6},"end":{"line":52,"column":13}},"28":{"start":{"line":55,"column":4},"end":{"line":55,"column":77}},"29":{"start":{"line":56,"column":4},"end":{"line":56,"column":45}},"30":{"start":{"line":58,"column":21},"end":{"line":58,"column":69}},"31":{"start":{"line":59,"column":4},"end":{"line":59,"column":54}},"32":{"start":{"line":63,"column":21},"end":{"line":101,"column":1}},"33":{"start":{"line":64,"column":17},"end":{"line":64,"column":21}},"34":{"start":{"line":66,"column":2},"end":{"line":100,"column":3}},"35":{"start":{"line":67,"column":15},"end":{"line":67,"column":28}},"36":{"start":{"line":69,"column":18},"end":{"line":81,"column":6}},"37":{"start":{"line":83,"column":4},"end":{"line":91,"column":5}},"38":{"start":{"line":84,"column":23},"end":{"line":88,"column":7}},"39":{"start":{"line":89,"column":6},"end":{"line":89,"column":54}},"40":{"start":{"line":90,"column":6},"end":{"line":90,"column":13}},"41":{"start":{"line":93,"column":21},"end":{"line":95,"column":6}},"42":{"start":{"line":96,"column":4},"end":{"line":96,"column":45}},"43":{"start":{"line":98,"column":4},"end":{"line":98,"column":64}},"44":{"start":{"line":99,"column":4},"end":{"line":99,"column":54}},"45":{"start":{"line":103,"column":26},"end":{"line":136,"column":1}},"46":{"start":{"line":104,"column":17},"end":{"line":104,"column":21}},"47":{"start":{"line":106,"column":2},"end":{"line":135,"column":3}},"48":{"start":{"line":107,"column":15},"end":{"line":107,"column":28}},"49":{"start":{"line":109,"column":18},"end":{"line":116,"column":6}},"50":{"start":{"line":118,"column":4},"end":{"line":126,"column":5}},"51":{"start":{"line":119,"column":23},"end":{"line":123,"column":7}},"52":{"start":{"line":124,"column":6},"end":{"line":124,"column":54}},"53":{"start":{"line":125,"column":6},"end":{"line":125,"column":13}},"54":{"start":{"line":128,"column":21},"end":{"line":130,"column":6}},"55":{"start":{"line":131,"column":4},"end":{"line":131,"column":45}},"56":{"start":{"line":133,"column":4},"end":{"line":133,"column":64}},"57":{"start":{"line":134,"column":4},"end":{"line":134,"column":54}},"58":{"start":{"line":138,"column":24},"end":{"line":173,"column":1}},"59":{"start":{"line":139,"column":17},"end":{"line":139,"column":21}},"60":{"start":{"line":141,"column":2},"end":{"line":172,"column":3}},"61":{"start":{"line":142,"column":23},"end":{"line":142,"column":44}},"62":{"start":{"line":144,"column":18},"end":{"line":156,"column":6}},"63":{"start":{"line":158,"column":4},"end":{"line":163,"column":5}},"64":{"start":{"line":159,"column":6},"end":{"line":162,"column":9}},"65":{"start":{"line":165,"column":21},"end":{"line":167,"column":6}},"66":{"start":{"line":168,"column":4},"end":{"line":168,"column":45}},"67":{"start":{"line":170,"column":4},"end":{"line":170,"column":64}},"68":{"start":{"line":171,"column":4},"end":{"line":171,"column":54}},"69":{"start":{"line":175,"column":17},"end":{"line":209,"column":1}},"70":{"start":{"line":176,"column":17},"end":{"line":176,"column":21}},"71":{"start":{"line":177,"column":2},"end":{"line":208,"column":3}},"72":{"start":{"line":178,"column":21},"end":{"line":178,"column":65}},"73":{"start":{"line":180,"column":22},"end":{"line":184,"column":6}},"74":{"start":{"line":186,"column":4},"end":{"line":191,"column":5}},"75":{"start":{"line":187,"column":6},"end":{"line":190,"column":9}},"76":{"start":{"line":193,"column":18},"end":{"line":195,"column":6}},"77":{"start":{"line":197,"column":21},"end":{"line":202,"column":5}},"78":{"start":{"line":203,"column":4},"end":{"line":203,"column":45}},"79":{"start":{"line":205,"column":4},"end":{"line":205,"column":25}},"80":{"start":{"line":206,"column":21},"end":{"line":206,"column":69}},"81":{"start":{"line":207,"column":4},"end":{"line":207,"column":54}},"82":{"start":{"line":211,"column":22},"end":{"line":245,"column":1}},"83":{"start":{"line":212,"column":17},"end":{"line":212,"column":21}},"84":{"start":{"line":213,"column":2},"end":{"line":244,"column":3}},"85":{"start":{"line":214,"column":21},"end":{"line":214,"column":71}},"86":{"start":{"line":216,"column":22},"end":{"line":220,"column":6}},"87":{"start":{"line":222,"column":4},"end":{"line":227,"column":5}},"88":{"start":{"line":223,"column":6},"end":{"line":226,"column":9}},"89":{"start":{"line":229,"column":18},"end":{"line":231,"column":6}},"90":{"start":{"line":233,"column":21},"end":{"line":238,"column":5}},"91":{"start":{"line":239,"column":4},"end":{"line":239,"column":45}},"92":{"start":{"line":241,"column":4},"end":{"line":241,"column":25}},"93":{"start":{"line":242,"column":21},"end":{"line":242,"column":69}},"94":{"start":{"line":243,"column":4},"end":{"line":243,"column":54}},"95":{"start":{"line":247,"column":20},"end":{"line":302,"column":1}},"96":{"start":{"line":248,"column":17},"end":{"line":248,"column":21}},"97":{"start":{"line":250,"column":2},"end":{"line":301,"column":3}},"98":{"start":{"line":251,"column":15},"end":{"line":251,"column":28}},"99":{"start":{"line":252,"column":25},"end":{"line":252,"column":69}},"100":{"start":{"line":254,"column":22},"end":{"line":258,"column":6}},"101":{"start":{"line":260,"column":4},"end":{"line":265,"column":5}},"102":{"start":{"line":261,"column":6},"end":{"line":264,"column":9}},"103":{"start":{"line":267,"column":18},"end":{"line":271,"column":6}},"104":{"start":{"line":273,"column":4},"end":{"line":281,"column":5}},"105":{"start":{"line":274,"column":23},"end":{"line":278,"column":7}},"106":{"start":{"line":279,"column":6},"end":{"line":279,"column":54}},"107":{"start":{"line":280,"column":6},"end":{"line":280,"column":13}},"108":{"start":{"line":283,"column":20},"end":{"line":289,"column":6}},"109":{"start":{"line":291,"column":21},"end":{"line":296,"column":5}},"110":{"start":{"line":297,"column":4},"end":{"line":297,"column":45}},"111":{"start":{"line":299,"column":4},"end":{"line":299,"column":64}},"112":{"start":{"line":300,"column":4},"end":{"line":300,"column":54}},"113":{"start":{"line":304,"column":25},"end":{"line":359,"column":1}},"114":{"start":{"line":305,"column":17},"end":{"line":305,"column":21}},"115":{"start":{"line":307,"column":2},"end":{"line":358,"column":3}},"116":{"start":{"line":308,"column":15},"end":{"line":308,"column":28}},"117":{"start":{"line":309,"column":25},"end":{"line":309,"column":75}},"118":{"start":{"line":311,"column":22},"end":{"line":315,"column":6}},"119":{"start":{"line":317,"column":4},"end":{"line":322,"column":5}},"120":{"start":{"line":318,"column":6},"end":{"line":321,"column":9}},"121":{"start":{"line":324,"column":18},"end":{"line":328,"column":6}},"122":{"start":{"line":330,"column":4},"end":{"line":338,"column":5}},"123":{"start":{"line":331,"column":23},"end":{"line":335,"column":7}},"124":{"start":{"line":336,"column":6},"end":{"line":336,"column":54}},"125":{"start":{"line":337,"column":6},"end":{"line":337,"column":13}},"126":{"start":{"line":340,"column":20},"end":{"line":346,"column":6}},"127":{"start":{"line":348,"column":21},"end":{"line":353,"column":5}},"128":{"start":{"line":354,"column":4},"end":{"line":354,"column":45}},"129":{"start":{"line":356,"column":4},"end":{"line":356,"column":64}},"130":{"start":{"line":357,"column":4},"end":{"line":357,"column":54}},"131":{"start":{"line":361,"column":20},"end":{"line":406,"column":1}},"132":{"start":{"line":362,"column":17},"end":{"line":362,"column":21}},"133":{"start":{"line":364,"column":2},"end":{"line":405,"column":3}},"134":{"start":{"line":365,"column":15},"end":{"line":365,"column":28}},"135":{"start":{"line":367,"column":18},"end":{"line":371,"column":6}},"136":{"start":{"line":373,"column":4},"end":{"line":381,"column":5}},"137":{"start":{"line":374,"column":23},"end":{"line":378,"column":7}},"138":{"start":{"line":379,"column":6},"end":{"line":379,"column":54}},"139":{"start":{"line":380,"column":6},"end":{"line":380,"column":13}},"140":{"start":{"line":383,"column":4},"end":{"line":394,"column":7}},"141":{"start":{"line":396,"column":21},"end":{"line":400,"column":5}},"142":{"start":{"line":401,"column":4},"end":{"line":401,"column":45}},"143":{"start":{"line":403,"column":4},"end":{"line":403,"column":64}},"144":{"start":{"line":404,"column":4},"end":{"line":404,"column":54}},"145":{"start":{"line":408,"column":25},"end":{"line":447,"column":1}},"146":{"start":{"line":409,"column":17},"end":{"line":409,"column":21}},"147":{"start":{"line":411,"column":2},"end":{"line":446,"column":3}},"148":{"start":{"line":412,"column":15},"end":{"line":412,"column":28}},"149":{"start":{"line":414,"column":18},"end":{"line":418,"column":6}},"150":{"start":{"line":420,"column":4},"end":{"line":428,"column":5}},"151":{"start":{"line":421,"column":23},"end":{"line":425,"column":7}},"152":{"start":{"line":426,"column":6},"end":{"line":426,"column":54}},"153":{"start":{"line":427,"column":6},"end":{"line":427,"column":13}},"154":{"start":{"line":430,"column":20},"end":{"line":434,"column":6}},"155":{"start":{"line":436,"column":21},"end":{"line":441,"column":5}},"156":{"start":{"line":442,"column":4},"end":{"line":442,"column":45}},"157":{"start":{"line":444,"column":4},"end":{"line":444,"column":64}},"158":{"start":{"line":445,"column":4},"end":{"line":445,"column":54}},"159":{"start":{"line":449,"column":31},"end":{"line":536,"column":1}},"160":{"start":{"line":450,"column":17},"end":{"line":450,"column":21}},"161":{"start":{"line":452,"column":2},"end":{"line":535,"column":3}},"162":{"start":{"line":453,"column":4},"end":{"line":453,"column":56}},"163":{"start":{"line":455,"column":24},"end":{"line":460,"column":6}},"164":{"start":{"line":462,"column":4},"end":{"line":462,"column":29}},"165":{"start":{"line":464,"column":24},"end":{"line":464,"column":68}},"166":{"start":{"line":465,"column":25},"end":{"line":465,"column":70}},"167":{"start":{"line":467,"column":26},"end":{"line":499,"column":6}},"168":{"start":{"line":501,"column":29},"end":{"line":501,"column":72}},"169":{"start":{"line":501,"column":58},"end":{"line":501,"column":71}},"170":{"start":{"line":503,"column":27},"end":{"line":519,"column":6}},"171":{"start":{"line":521,"column":4},"end":{"line":526,"column":5}},"172":{"start":{"line":522,"column":6},"end":{"line":525,"column":9}},"173":{"start":{"line":528,"column":21},"end":{"line":530,"column":6}},"174":{"start":{"line":531,"column":4},"end":{"line":531,"column":45}},"175":{"start":{"line":533,"column":4},"end":{"line":533,"column":64}},"176":{"start":{"line":534,"column":4},"end":{"line":534,"column":54}},"177":{"start":{"line":538,"column":0},"end":{"line":551,"column":2}}},"fnMap":{"0":{"name":"(anonymous_0)","decl":{"start":{"line":8,"column":20},"end":{"line":8,"column":21}},"loc":{"start":{"line":8,"column":40},"end":{"line":36,"column":1}},"line":8},"1":{"name":"(anonymous_1)","decl":{"start":{"line":38,"column":25},"end":{"line":38,"column":26}},"loc":{"start":{"line":38,"column":45},"end":{"line":61,"column":1}},"line":38},"2":{"name":"(anonymous_2)","decl":{"start":{"line":63,"column":21},"end":{"line":63,"column":22}},"loc":{"start":{"line":63,"column":41},"end":{"line":101,"column":1}},"line":63},"3":{"name":"(anonymous_3)","decl":{"start":{"line":103,"column":26},"end":{"line":103,"column":27}},"loc":{"start":{"line":103,"column":46},"end":{"line":136,"column":1}},"line":103},"4":{"name":"(anonymous_4)","decl":{"start":{"line":138,"column":24},"end":{"line":138,"column":25}},"loc":{"start":{"line":138,"column":44},"end":{"line":173,"column":1}},"line":138},"5":{"name":"(anonymous_5)","decl":{"start":{"line":175,"column":17},"end":{"line":175,"column":18}},"loc":{"start":{"line":175,"column":37},"end":{"line":209,"column":1}},"line":175},"6":{"name":"(anonymous_6)","decl":{"start":{"line":211,"column":22},"end":{"line":211,"column":23}},"loc":{"start":{"line":211,"column":42},"end":{"line":245,"column":1}},"line":211},"7":{"name":"(anonymous_7)","decl":{"start":{"line":247,"column":20},"end":{"line":247,"column":21}},"loc":{"start":{"line":247,"column":40},"end":{"line":302,"column":1}},"line":247},"8":{"name":"(anonymous_8)","decl":{"start":{"line":304,"column":25},"end":{"line":304,"column":26}},"loc":{"start":{"line":304,"column":45},"end":{"line":359,"column":1}},"line":304},"9":{"name":"(anonymous_9)","decl":{"start":{"line":361,"column":20},"end":{"line":361,"column":21}},"loc":{"start":{"line":361,"column":40},"end":{"line":406,"column":1}},"line":361},"10":{"name":"(anonymous_10)","decl":{"start":{"line":408,"column":25},"end":{"line":408,"column":26}},"loc":{"start":{"line":408,"column":45},"end":{"line":447,"column":1}},"line":408},"11":{"name":"(anonymous_11)","decl":{"start":{"line":449,"column":31},"end":{"line":449,"column":32}},"loc":{"start":{"line":449,"column":51},"end":{"line":536,"column":1}},"line":449},"12":{"name":"(anonymous_12)","decl":{"start":{"line":501,"column":47},"end":{"line":501,"column":48}},"loc":{"start":{"line":501,"column":58},"end":{"line":501,"column":71}},"line":501}},"branchMap":{"0":{"loc":{"start":{"line":24,"column":4},"end":{"line":28,"column":5}},"type":"if","locations":[{"start":{"line":24,"column":4},"end":{"line":28,"column":5}},{"start":{},"end":{}}],"line":24},"1":{"loc":{"start":{"line":49,"column":4},"end":{"line":53,"column":5}},"type":"if","locations":[{"start":{"line":49,"column":4},"end":{"line":53,"column":5}},{"start":{},"end":{}}],"line":49},"2":{"loc":{"start":{"line":83,"column":4},"end":{"line":91,"column":5}},"type":"if","locations":[{"start":{"line":83,"column":4},"end":{"line":91,"column":5}},{"start":{},"end":{}}],"line":83},"3":{"loc":{"start":{"line":118,"column":4},"end":{"line":126,"column":5}},"type":"if","locations":[{"start":{"line":118,"column":4},"end":{"line":126,"column":5}},{"start":{},"end":{}}],"line":118},"4":{"loc":{"start":{"line":158,"column":4},"end":{"line":163,"column":5}},"type":"if","locations":[{"start":{"line":158,"column":4},"end":{"line":163,"column":5}},{"start":{},"end":{}}],"line":158},"5":{"loc":{"start":{"line":186,"column":4},"end":{"line":191,"column":5}},"type":"if","locations":[{"start":{"line":186,"column":4},"end":{"line":191,"column":5}},{"start":{},"end":{}}],"line":186},"6":{"loc":{"start":{"line":222,"column":4},"end":{"line":227,"column":5}},"type":"if","locations":[{"start":{"line":222,"column":4},"end":{"line":227,"column":5}},{"start":{},"end":{}}],"line":222},"7":{"loc":{"start":{"line":260,"column":4},"end":{"line":265,"column":5}},"type":"if","locations":[{"start":{"line":260,"column":4},"end":{"line":265,"column":5}},{"start":{},"end":{}}],"line":260},"8":{"loc":{"start":{"line":273,"column":4},"end":{"line":281,"column":5}},"type":"if","locations":[{"start":{"line":273,"column":4},"end":{"line":281,"column":5}},{"start":{},"end":{}}],"line":273},"9":{"loc":{"start":{"line":317,"column":4},"end":{"line":322,"column":5}},"type":"if","locations":[{"start":{"line":317,"column":4},"end":{"line":322,"column":5}},{"start":{},"end":{}}],"line":317},"10":{"loc":{"start":{"line":330,"column":4},"end":{"line":338,"column":5}},"type":"if","locations":[{"start":{"line":330,"column":4},"end":{"line":338,"column":5}},{"start":{},"end":{}}],"line":330},"11":{"loc":{"start":{"line":373,"column":4},"end":{"line":381,"column":5}},"type":"if","locations":[{"start":{"line":373,"column":4},"end":{"line":381,"column":5}},{"start":{},"end":{}}],"line":373},"12":{"loc":{"start":{"line":420,"column":4},"end":{"line":428,"column":5}},"type":"if","locations":[{"start":{"line":420,"column":4},"end":{"line":428,"column":5}},{"start":{},"end":{}}],"line":420},"13":{"loc":{"start":{"line":521,"column":4},"end":{"line":526,"column":5}},"type":"if","locations":[{"start":{"line":521,"column":4},"end":{"line":526,"column":5}},{"start":{},"end":{}}],"line":521}},"s":{"0":1,"1":1,"2":1,"3":1,"4":1,"5":1,"6":1,"7":0,"8":0,"9":0,"10":0,"11":0,"12":0,"13":0,"14":0,"15":0,"16":0,"17":0,"18":0,"19":1,"20":0,"21":0,"22":0,"23":0,"24":0,"25":0,"26":0,"27":0,"28":0,"29":0,"30":0,"31":0,"32":1,"33":0,"34":0,"35":0,"36":0,"37":0,"38":0,"39":0,"40":0,"41":0,"42":0,"43":0,"44":0,"45":1,"46":0,"47":0,"48":0,"49":0,"50":0,"51":0,"52":0,"53":0,"54":0,"55":0,"56":0,"57":0,"58":1,"59":0,"60":0,"61":0,"62":0,"63":0,"64":0,"65":0,"66":0,"67":0,"68":0,"69":1,"70":0,"71":0,"72":0,"73":0,"74":0,"75":0,"76":0,"77":0,"78":0,"79":0,"80":0,"81":0,"82":1,"83":0,"84":0,"85":0,"86":0,"87":0,"88":0,"89":0,"90":0,"91":0,"92":0,"93":0,"94":0,"95":1,"96":0,"97":0,"98":0,"99":0,"100":0,"101":0,"102":0,"103":0,"104":0,"105":0,"106":0,"107":0,"108":0,"109":0,"110":0,"111":0,"112":0,"113":1,"114":0,"115":0,"116":0,"117":0,"118":0,"119":0,"120":0,"121":0,"122":0,"123":0,"124":0,"125":0,"126":0,"127":0,"128":0,"129":0,"130":0,"131":1,"132":0,"133":0,"134":0,"135":0,"136":0,"137":0,"138":0,"139":0,"140":0,"141":0,"142":0,"143":0,"144":0,"145":1,"146":0,"147":0,"148":0,"149":0,"150":0,"151":0,"152":0,"153":0,"154":0,"155":0,"156":0,"157":0,"158":0,"159":1,"160":0,"161":0,"162":0,"163":0,"164":0,"165":0,"166":0,"167":0,"168":0,"169":0,"170":0,"171":0,"172":0,"173":0,"174":0,"175":0,"176":0,"177":1},"f":{"0":0,"1":0,"2":0,"3":0,"4":0,"5":0,"6":0,"7":0,"8":0,"9":0,"10":0,"11":0,"12":0},"b":{"0":[0,0],"1":[0,0],"2":[0,0],"3":[0,0],"4":[0,0],"5":[0,0],"6":[0,0],"7":[0,0],"8":[0,0],"9":[0,0],"10":[0,0],"11":[0,0],"12":[0,0],"13":[0,0]},"_coverageSchema":"1a1c01bbd47fc00a2c39e90264f33305004495a9","hash":"82b5111b23cd79c5206f9c6ae7d1a8ae9c5d9d1f"}
,"D:\\Kuliah\\KULIAH\\Semester 8\\Tugas Akhir\\Frontend Kafe\\backend_hotel_10683\\controller\\reportController.js": {"path":"D:\\Kuliah\\KULIAH\\Semester 8\\Tugas Akhir\\Frontend Kafe\\backend_hotel_10683\\controller\\reportController.js","statementMap":{"0":{"start":{"line":1,"column":19},"end":{"line":1,"column":41}},"1":{"start":{"line":2,"column":17},"end":{"line":2,"column":45}},"2":{"start":{"line":3,"column":15},"end":{"line":3,"column":42}},"3":{"start":{"line":5,"column":23},"end":{"line":50,"column":1}},"4":{"start":{"line":6,"column":17},"end":{"line":6,"column":21}},"5":{"start":{"line":7,"column":21},"end":{"line":7,"column":54}},"6":{"start":{"line":9,"column":2},"end":{"line":49,"column":3}},"7":{"start":{"line":10,"column":21},"end":{"line":32,"column":6}},"8":{"start":{"line":34,"column":4},"end":{"line":42,"column":5}},"9":{"start":{"line":35,"column":23},"end":{"line":39,"column":7}},"10":{"start":{"line":40,"column":6},"end":{"line":40,"column":54}},"11":{"start":{"line":41,"column":6},"end":{"line":41,"column":13}},"12":{"start":{"line":44,"column":4},"end":{"line":44,"column":75}},"13":{"start":{"line":45,"column":4},"end":{"line":45,"column":45}},"14":{"start":{"line":47,"column":21},"end":{"line":47,"column":69}},"15":{"start":{"line":48,"column":4},"end":{"line":48,"column":54}},"16":{"start":{"line":52,"column":23},"end":{"line":91,"column":1}},"17":{"start":{"line":53,"column":17},"end":{"line":53,"column":21}},"18":{"start":{"line":54,"column":21},"end":{"line":54,"column":54}},"19":{"start":{"line":56,"column":2},"end":{"line":90,"column":3}},"20":{"start":{"line":57,"column":21},"end":{"line":73,"column":6}},"21":{"start":{"line":75,"column":4},"end":{"line":83,"column":5}},"22":{"start":{"line":76,"column":23},"end":{"line":80,"column":7}},"23":{"start":{"line":81,"column":6},"end":{"line":81,"column":54}},"24":{"start":{"line":82,"column":6},"end":{"line":82,"column":13}},"25":{"start":{"line":85,"column":4},"end":{"line":85,"column":75}},"26":{"start":{"line":86,"column":4},"end":{"line":86,"column":45}},"27":{"start":{"line":88,"column":21},"end":{"line":88,"column":69}},"28":{"start":{"line":89,"column":4},"end":{"line":89,"column":54}},"29":{"start":{"line":93,"column":0},"end":{"line":96,"column":2}}},"fnMap":{"0":{"name":"(anonymous_0)","decl":{"start":{"line":5,"column":23},"end":{"line":5,"column":24}},"loc":{"start":{"line":5,"column":43},"end":{"line":50,"column":1}},"line":5},"1":{"name":"(anonymous_1)","decl":{"start":{"line":52,"column":23},"end":{"line":52,"column":24}},"loc":{"start":{"line":52,"column":43},"end":{"line":91,"column":1}},"line":52}},"branchMap":{"0":{"loc":{"start":{"line":34,"column":4},"end":{"line":42,"column":5}},"type":"if","locations":[{"start":{"line":34,"column":4},"end":{"line":42,"column":5}},{"start":{},"end":{}}],"line":34},"1":{"loc":{"start":{"line":75,"column":4},"end":{"line":83,"column":5}},"type":"if","locations":[{"start":{"line":75,"column":4},"end":{"line":83,"column":5}},{"start":{},"end":{}}],"line":75}},"s":{"0":1,"1":1,"2":1,"3":1,"4":0,"5":0,"6":0,"7":0,"8":0,"9":0,"10":0,"11":0,"12":0,"13":0,"14":0,"15":0,"16":1,"17":0,"18":0,"19":0,"20":0,"21":0,"22":0,"23":0,"24":0,"25":0,"26":0,"27":0,"28":0,"29":1},"f":{"0":0,"1":0},"b":{"0":[0,0],"1":[0,0]},"_coverageSchema":"1a1c01bbd47fc00a2c39e90264f33305004495a9","hash":"3d23bc013efb8968918094df8f791c684bd012e5"}
,"D:\\Kuliah\\KULIAH\\Semester 8\\Tugas Akhir\\Frontend Kafe\\backend_hotel_10683\\controller\\seasonController.js": {"path":"D:\\Kuliah\\KULIAH\\Semester 8\\Tugas Akhir\\Frontend Kafe\\backend_hotel_10683\\controller\\seasonController.js","statementMap":{"0":{"start":{"line":1,"column":19},"end":{"line":1,"column":41}},"1":{"start":{"line":2,"column":17},"end":{"line":2,"column":45}},"2":{"start":{"line":3,"column":15},"end":{"line":3,"column":42}},"3":{"start":{"line":4,"column":24},"end":{"line":4,"column":59}},"4":{"start":{"line":6,"column":21},"end":{"line":25,"column":1}},"5":{"start":{"line":7,"column":17},"end":{"line":7,"column":21}},"6":{"start":{"line":8,"column":27},"end":{"line":8,"column":58}},"7":{"start":{"line":10,"column":2},"end":{"line":24,"column":3}},"8":{"start":{"line":11,"column":19},"end":{"line":11,"column":49}},"9":{"start":{"line":13,"column":4},"end":{"line":17,"column":5}},"10":{"start":{"line":14,"column":23},"end":{"line":14,"column":78}},"11":{"start":{"line":15,"column":6},"end":{"line":15,"column":54}},"12":{"start":{"line":16,"column":6},"end":{"line":16,"column":13}},"13":{"start":{"line":19,"column":4},"end":{"line":19,"column":79}},"14":{"start":{"line":20,"column":4},"end":{"line":20,"column":45}},"15":{"start":{"line":22,"column":21},"end":{"line":22,"column":69}},"16":{"start":{"line":23,"column":4},"end":{"line":23,"column":54}},"17":{"start":{"line":27,"column":22},"end":{"line":57,"column":1}},"18":{"start":{"line":28,"column":17},"end":{"line":28,"column":21}},"19":{"start":{"line":30,"column":2},"end":{"line":56,"column":3}},"20":{"start":{"line":31,"column":15},"end":{"line":31,"column":28}},"21":{"start":{"line":33,"column":19},"end":{"line":37,"column":6}},"22":{"start":{"line":39,"column":4},"end":{"line":47,"column":5}},"23":{"start":{"line":40,"column":23},"end":{"line":44,"column":7}},"24":{"start":{"line":45,"column":6},"end":{"line":45,"column":54}},"25":{"start":{"line":46,"column":6},"end":{"line":46,"column":13}},"26":{"start":{"line":49,"column":21},"end":{"line":51,"column":6}},"27":{"start":{"line":52,"column":4},"end":{"line":52,"column":45}},"28":{"start":{"line":54,"column":4},"end":{"line":54,"column":64}},"29":{"start":{"line":55,"column":4},"end":{"line":55,"column":54}},"30":{"start":{"line":59,"column":25},"end":{"line":86,"column":1}},"31":{"start":{"line":60,"column":17},"end":{"line":60,"column":21}},"32":{"start":{"line":62,"column":2},"end":{"line":85,"column":3}},"33":{"start":{"line":63,"column":24},"end":{"line":63,"column":47}},"34":{"start":{"line":65,"column":19},"end":{"line":69,"column":6}},"35":{"start":{"line":71,"column":4},"end":{"line":76,"column":5}},"36":{"start":{"line":72,"column":6},"end":{"line":75,"column":9}},"37":{"start":{"line":78,"column":21},"end":{"line":80,"column":6}},"38":{"start":{"line":81,"column":4},"end":{"line":81,"column":45}},"39":{"start":{"line":83,"column":4},"end":{"line":83,"column":64}},"40":{"start":{"line":84,"column":4},"end":{"line":84,"column":54}},"41":{"start":{"line":88,"column":18},"end":{"line":118,"column":1}},"42":{"start":{"line":89,"column":17},"end":{"line":89,"column":21}},"43":{"start":{"line":90,"column":2},"end":{"line":117,"column":3}},"44":{"start":{"line":91,"column":22},"end":{"line":91,"column":67}},"45":{"start":{"line":93,"column":20},"end":{"line":95,"column":6}},"46":{"start":{"line":96,"column":4},"end":{"line":100,"column":5}},"47":{"start":{"line":97,"column":23},"end":{"line":97,"column":76}},"48":{"start":{"line":98,"column":6},"end":{"line":98,"column":47}},"49":{"start":{"line":99,"column":6},"end":{"line":99,"column":13}},"50":{"start":{"line":102,"column":19},"end":{"line":104,"column":6}},"51":{"start":{"line":106,"column":21},"end":{"line":111,"column":5}},"52":{"start":{"line":112,"column":4},"end":{"line":112,"column":45}},"53":{"start":{"line":114,"column":4},"end":{"line":114,"column":25}},"54":{"start":{"line":115,"column":21},"end":{"line":115,"column":69}},"55":{"start":{"line":116,"column":4},"end":{"line":116,"column":54}},"56":{"start":{"line":120,"column":21},"end":{"line":171,"column":1}},"57":{"start":{"line":121,"column":17},"end":{"line":121,"column":21}},"58":{"start":{"line":123,"column":2},"end":{"line":170,"column":3}},"59":{"start":{"line":124,"column":15},"end":{"line":124,"column":28}},"60":{"start":{"line":125,"column":26},"end":{"line":125,"column":71}},"61":{"start":{"line":127,"column":20},"end":{"line":129,"column":6}},"62":{"start":{"line":130,"column":4},"end":{"line":134,"column":5}},"63":{"start":{"line":131,"column":23},"end":{"line":131,"column":76}},"64":{"start":{"line":132,"column":6},"end":{"line":132,"column":47}},"65":{"start":{"line":133,"column":6},"end":{"line":133,"column":13}},"66":{"start":{"line":136,"column":19},"end":{"line":140,"column":6}},"67":{"start":{"line":142,"column":4},"end":{"line":150,"column":5}},"68":{"start":{"line":143,"column":23},"end":{"line":147,"column":7}},"69":{"start":{"line":148,"column":6},"end":{"line":148,"column":54}},"70":{"start":{"line":149,"column":6},"end":{"line":149,"column":13}},"71":{"start":{"line":152,"column":20},"end":{"line":158,"column":6}},"72":{"start":{"line":160,"column":21},"end":{"line":165,"column":5}},"73":{"start":{"line":166,"column":4},"end":{"line":166,"column":45}},"74":{"start":{"line":168,"column":4},"end":{"line":168,"column":64}},"75":{"start":{"line":169,"column":4},"end":{"line":169,"column":54}},"76":{"start":{"line":173,"column":21},"end":{"line":211,"column":1}},"77":{"start":{"line":174,"column":17},"end":{"line":174,"column":21}},"78":{"start":{"line":176,"column":2},"end":{"line":210,"column":3}},"79":{"start":{"line":177,"column":15},"end":{"line":177,"column":28}},"80":{"start":{"line":178,"column":19},"end":{"line":182,"column":6}},"81":{"start":{"line":184,"column":4},"end":{"line":192,"column":5}},"82":{"start":{"line":185,"column":23},"end":{"line":189,"column":7}},"83":{"start":{"line":190,"column":6},"end":{"line":190,"column":54}},"84":{"start":{"line":191,"column":6},"end":{"line":191,"column":13}},"85":{"start":{"line":194,"column":20},"end":{"line":198,"column":6}},"86":{"start":{"line":200,"column":21},"end":{"line":205,"column":5}},"87":{"start":{"line":206,"column":4},"end":{"line":206,"column":45}},"88":{"start":{"line":208,"column":4},"end":{"line":208,"column":64}},"89":{"start":{"line":209,"column":4},"end":{"line":209,"column":54}},"90":{"start":{"line":213,"column":0},"end":{"line":220,"column":2}}},"fnMap":{"0":{"name":"(anonymous_0)","decl":{"start":{"line":6,"column":21},"end":{"line":6,"column":22}},"loc":{"start":{"line":6,"column":41},"end":{"line":25,"column":1}},"line":6},"1":{"name":"(anonymous_1)","decl":{"start":{"line":27,"column":22},"end":{"line":27,"column":23}},"loc":{"start":{"line":27,"column":42},"end":{"line":57,"column":1}},"line":27},"2":{"name":"(anonymous_2)","decl":{"start":{"line":59,"column":25},"end":{"line":59,"column":26}},"loc":{"start":{"line":59,"column":45},"end":{"line":86,"column":1}},"line":59},"3":{"name":"(anonymous_3)","decl":{"start":{"line":88,"column":18},"end":{"line":88,"column":19}},"loc":{"start":{"line":88,"column":38},"end":{"line":118,"column":1}},"line":88},"4":{"name":"(anonymous_4)","decl":{"start":{"line":120,"column":21},"end":{"line":120,"column":22}},"loc":{"start":{"line":120,"column":41},"end":{"line":171,"column":1}},"line":120},"5":{"name":"(anonymous_5)","decl":{"start":{"line":173,"column":21},"end":{"line":173,"column":22}},"loc":{"start":{"line":173,"column":41},"end":{"line":211,"column":1}},"line":173}},"branchMap":{"0":{"loc":{"start":{"line":13,"column":4},"end":{"line":17,"column":5}},"type":"if","locations":[{"start":{"line":13,"column":4},"end":{"line":17,"column":5}},{"start":{},"end":{}}],"line":13},"1":{"loc":{"start":{"line":39,"column":4},"end":{"line":47,"column":5}},"type":"if","locations":[{"start":{"line":39,"column":4},"end":{"line":47,"column":5}},{"start":{},"end":{}}],"line":39},"2":{"loc":{"start":{"line":71,"column":4},"end":{"line":76,"column":5}},"type":"if","locations":[{"start":{"line":71,"column":4},"end":{"line":76,"column":5}},{"start":{},"end":{}}],"line":71},"3":{"loc":{"start":{"line":96,"column":4},"end":{"line":100,"column":5}},"type":"if","locations":[{"start":{"line":96,"column":4},"end":{"line":100,"column":5}},{"start":{},"end":{}}],"line":96},"4":{"loc":{"start":{"line":130,"column":4},"end":{"line":134,"column":5}},"type":"if","locations":[{"start":{"line":130,"column":4},"end":{"line":134,"column":5}},{"start":{},"end":{}}],"line":130},"5":{"loc":{"start":{"line":142,"column":4},"end":{"line":150,"column":5}},"type":"if","locations":[{"start":{"line":142,"column":4},"end":{"line":150,"column":5}},{"start":{},"end":{}}],"line":142},"6":{"loc":{"start":{"line":184,"column":4},"end":{"line":192,"column":5}},"type":"if","locations":[{"start":{"line":184,"column":4},"end":{"line":192,"column":5}},{"start":{},"end":{}}],"line":184}},"s":{"0":1,"1":1,"2":1,"3":1,"4":1,"5":0,"6":0,"7":0,"8":0,"9":0,"10":0,"11":0,"12":0,"13":0,"14":0,"15":0,"16":0,"17":1,"18":0,"19":0,"20":0,"21":0,"22":0,"23":0,"24":0,"25":0,"26":0,"27":0,"28":0,"29":0,"30":1,"31":0,"32":0,"33":0,"34":0,"35":0,"36":0,"37":0,"38":0,"39":0,"40":0,"41":1,"42":0,"43":0,"44":0,"45":0,"46":0,"47":0,"48":0,"49":0,"50":0,"51":0,"52":0,"53":0,"54":0,"55":0,"56":1,"57":0,"58":0,"59":0,"60":0,"61":0,"62":0,"63":0,"64":0,"65":0,"66":0,"67":0,"68":0,"69":0,"70":0,"71":0,"72":0,"73":0,"74":0,"75":0,"76":1,"77":0,"78":0,"79":0,"80":0,"81":0,"82":0,"83":0,"84":0,"85":0,"86":0,"87":0,"88":0,"89":0,"90":1},"f":{"0":0,"1":0,"2":0,"3":0,"4":0,"5":0},"b":{"0":[0,0],"1":[0,0],"2":[0,0],"3":[0,0],"4":[0,0],"5":[0,0],"6":[0,0]},"_coverageSchema":"1a1c01bbd47fc00a2c39e90264f33305004495a9","hash":"29126d80ff92594d6d495e4c9e463a66ae4fa368"}
,"D:\\Kuliah\\KULIAH\\Semester 8\\Tugas Akhir\\Frontend Kafe\\backend_hotel_10683\\controller\\tarifController.js": {"path":"D:\\Kuliah\\KULIAH\\Semester 8\\Tugas Akhir\\Frontend Kafe\\backend_hotel_10683\\controller\\tarifController.js","statementMap":{"0":{"start":{"line":1,"column":19},"end":{"line":1,"column":41}},"1":{"start":{"line":2,"column":17},"end":{"line":2,"column":45}},"2":{"start":{"line":3,"column":15},"end":{"line":3,"column":42}},"3":{"start":{"line":4,"column":23},"end":{"line":4,"column":57}},"4":{"start":{"line":6,"column":20},"end":{"line":25,"column":1}},"5":{"start":{"line":7,"column":17},"end":{"line":7,"column":21}},"6":{"start":{"line":8,"column":26},"end":{"line":8,"column":56}},"7":{"start":{"line":10,"column":2},"end":{"line":24,"column":3}},"8":{"start":{"line":11,"column":18},"end":{"line":11,"column":47}},"9":{"start":{"line":13,"column":4},"end":{"line":17,"column":5}},"10":{"start":{"line":14,"column":23},"end":{"line":14,"column":76}},"11":{"start":{"line":15,"column":6},"end":{"line":15,"column":54}},"12":{"start":{"line":16,"column":6},"end":{"line":16,"column":13}},"13":{"start":{"line":19,"column":4},"end":{"line":19,"column":77}},"14":{"start":{"line":20,"column":4},"end":{"line":20,"column":45}},"15":{"start":{"line":22,"column":21},"end":{"line":22,"column":68}},"16":{"start":{"line":23,"column":4},"end":{"line":23,"column":54}},"17":{"start":{"line":27,"column":21},"end":{"line":51,"column":1}},"18":{"start":{"line":28,"column":17},"end":{"line":28,"column":21}},"19":{"start":{"line":30,"column":2},"end":{"line":50,"column":3}},"20":{"start":{"line":31,"column":15},"end":{"line":31,"column":28}},"21":{"start":{"line":33,"column":18},"end":{"line":37,"column":6}},"22":{"start":{"line":39,"column":4},"end":{"line":43,"column":5}},"23":{"start":{"line":40,"column":23},"end":{"line":40,"column":79}},"24":{"start":{"line":41,"column":6},"end":{"line":41,"column":54}},"25":{"start":{"line":42,"column":6},"end":{"line":42,"column":13}},"26":{"start":{"line":45,"column":21},"end":{"line":45,"column":81}},"27":{"start":{"line":46,"column":4},"end":{"line":46,"column":45}},"28":{"start":{"line":48,"column":4},"end":{"line":48,"column":63}},"29":{"start":{"line":49,"column":4},"end":{"line":49,"column":54}},"30":{"start":{"line":53,"column":24},"end":{"line":87,"column":1}},"31":{"start":{"line":54,"column":17},"end":{"line":54,"column":21}},"32":{"start":{"line":56,"column":2},"end":{"line":86,"column":3}},"33":{"start":{"line":57,"column":18},"end":{"line":57,"column":36}},"34":{"start":{"line":59,"column":4},"end":{"line":63,"column":5}},"35":{"start":{"line":60,"column":23},"end":{"line":60,"column":71}},"36":{"start":{"line":61,"column":6},"end":{"line":61,"column":54}},"37":{"start":{"line":62,"column":6},"end":{"line":62,"column":13}},"38":{"start":{"line":65,"column":18},"end":{"line":69,"column":6}},"39":{"start":{"line":71,"column":4},"end":{"line":79,"column":5}},"40":{"start":{"line":72,"column":23},"end":{"line":76,"column":7}},"41":{"start":{"line":77,"column":6},"end":{"line":77,"column":56}},"42":{"start":{"line":78,"column":6},"end":{"line":78,"column":13}},"43":{"start":{"line":81,"column":21},"end":{"line":81,"column":81}},"44":{"start":{"line":82,"column":4},"end":{"line":82,"column":45}},"45":{"start":{"line":84,"column":4},"end":{"line":84,"column":63}},"46":{"start":{"line":85,"column":4},"end":{"line":85,"column":54}},"47":{"start":{"line":89,"column":24},"end":{"line":123,"column":1}},"48":{"start":{"line":90,"column":17},"end":{"line":90,"column":21}},"49":{"start":{"line":92,"column":2},"end":{"line":122,"column":3}},"50":{"start":{"line":93,"column":18},"end":{"line":93,"column":34}},"51":{"start":{"line":95,"column":4},"end":{"line":99,"column":5}},"52":{"start":{"line":96,"column":23},"end":{"line":96,"column":83}},"53":{"start":{"line":97,"column":6},"end":{"line":97,"column":47}},"54":{"start":{"line":98,"column":6},"end":{"line":98,"column":13}},"55":{"start":{"line":101,"column":18},"end":{"line":105,"column":6}},"56":{"start":{"line":107,"column":4},"end":{"line":115,"column":5}},"57":{"start":{"line":108,"column":23},"end":{"line":112,"column":7}},"58":{"start":{"line":113,"column":6},"end":{"line":113,"column":54}},"59":{"start":{"line":114,"column":6},"end":{"line":114,"column":13}},"60":{"start":{"line":117,"column":21},"end":{"line":117,"column":80}},"61":{"start":{"line":118,"column":4},"end":{"line":118,"column":45}},"62":{"start":{"line":120,"column":4},"end":{"line":120,"column":63}},"63":{"start":{"line":121,"column":4},"end":{"line":121,"column":54}},"64":{"start":{"line":125,"column":29},"end":{"line":162,"column":1}},"65":{"start":{"line":126,"column":17},"end":{"line":126,"column":21}},"66":{"start":{"line":128,"column":2},"end":{"line":161,"column":3}},"67":{"start":{"line":129,"column":25},"end":{"line":129,"column":35}},"68":{"start":{"line":131,"column":4},"end":{"line":135,"column":5}},"69":{"start":{"line":132,"column":23},"end":{"line":132,"column":82}},"70":{"start":{"line":133,"column":6},"end":{"line":133,"column":56}},"71":{"start":{"line":134,"column":6},"end":{"line":134,"column":13}},"72":{"start":{"line":137,"column":18},"end":{"line":144,"column":6}},"73":{"start":{"line":146,"column":4},"end":{"line":154,"column":5}},"74":{"start":{"line":147,"column":23},"end":{"line":151,"column":7}},"75":{"start":{"line":152,"column":6},"end":{"line":152,"column":54}},"76":{"start":{"line":153,"column":6},"end":{"line":153,"column":13}},"77":{"start":{"line":156,"column":21},"end":{"line":156,"column":80}},"78":{"start":{"line":157,"column":4},"end":{"line":157,"column":45}},"79":{"start":{"line":159,"column":4},"end":{"line":159,"column":63}},"80":{"start":{"line":160,"column":4},"end":{"line":160,"column":54}},"81":{"start":{"line":164,"column":17},"end":{"line":184,"column":1}},"82":{"start":{"line":165,"column":17},"end":{"line":165,"column":21}},"83":{"start":{"line":166,"column":2},"end":{"line":183,"column":3}},"84":{"start":{"line":167,"column":21},"end":{"line":167,"column":65}},"85":{"start":{"line":169,"column":18},"end":{"line":171,"column":6}},"86":{"start":{"line":173,"column":21},"end":{"line":178,"column":5}},"87":{"start":{"line":179,"column":4},"end":{"line":179,"column":45}},"88":{"start":{"line":181,"column":4},"end":{"line":181,"column":63}},"89":{"start":{"line":182,"column":4},"end":{"line":182,"column":54}},"90":{"start":{"line":186,"column":20},"end":{"line":224,"col
[...]
,"D:\\Kuliah\\KULIAH\\Semester 8\\Tugas Akhir\\Frontend Kafe\\backend_hotel_10683\\routes\\fasilitasRoutes.js": {"path":"D:\\Kuliah\\KULIAH\\Semester 8\\Tugas Akhir\\Frontend Kafe\\backend_hotel_10683\\routes\\fasilitasRoutes.js","statementMap":{"0":{"start":{"line":1,"column":16},"end":{"line":1,"column":34}},"1":{"start":{"line":3,"column":15},"end":{"line":3,"column":35}},"2":{"start":{"line":5,"column":28},"end":{"line":5,"column":72}},"3":{"start":{"line":8,"column":0},"end":{"line":8,"column":68}},"4":{"start":{"line":9,"column":0},"end":{"line":9,"column":74}},"5":{"start":{"line":10,"column":0},"end":{"line":10,"column":90}},"6":{"start":{"line":11,"column":0},"end":{"line":11,"column":63}},"7":{"start":{"line":12,"column":0},"end":{"line":12,"column":72}},"8":{"start":{"line":13,"column":0},"end":{"line":13,"column":75}},"9":{"start":{"line":15,"column":0},"end":{"line":15,"column":24}}},"fnMap":{},"branchMap":{},"s":{"0":1,"1":1,"2":1,"3":1,"4":1,"5":1,"6":1,"7":1,"8":1,"9":1},"f":{},"b":{},"_coverageSchema":"1a1c01bbd47fc00a2c39e90264f33305004495a9","hash":"55a26d66a9e815492407bfff7e99f4e1e095e4a8"}
,"D:\\Kuliah\\KULIAH\\Semester 8\\Tugas Akhir\\Frontend Kafe\\backend_hotel_10683\\routes\\kamarRoutes.js": {"path":"D:\\Kuliah\\KULIAH\\Semester 8\\Tugas Akhir\\Frontend Kafe\\backend_hotel_10683\\routes\\kamarRoutes.js","statementMap":{"0":{"start":{"line":1,"column":16},"end":{"line":1,"column":34}},"1":{"start":{"line":3,"column":15},"end":{"line":3,"column":35}},"2":{"start":{"line":5,"column":24},"end":{"line":5,"column":64}},"3":{"start":{"line":8,"column":0},"end":{"line":8,"column":56}},"4":{"start":{"line":9,"column":0},"end":{"line":9,"column":62}},"5":{"start":{"line":10,"column":0},"end":{"line":10,"column":76}},"6":{"start":{"line":11,"column":0},"end":{"line":11,"column":51}},"7":{"start":{"line":12,"column":0},"end":{"line":12,"column":60}},"8":{"start":{"line":13,"column":0},"end":{"line":13,"column":63}},"9":{"start":{"line":15,"column":0},"end":{"line":15,"column":66}},"10":{"start":{"line":16,"column":0},"end":{"line":16,"column":72}},"11":{"start":{"line":17,"column":0},"end":{"line":17,"column":61}},"12":{"start":{"line":18,"column":0},"end":{"line":18,"column":70}},"13":{"start":{"line":19,"column":0},"end":{"line":19,"column":73}},"14":{"start":{"line":22,"column":0},"end":{"line":22,"column":79}},"15":{"start":{"line":24,"column":0},"end":{"line":24,"column":24}}},"fnMap":{},"branchMap":{},"s":{"0":1,"1":1,"2":1,"3":1,"4":1,"5":1,"6":1,"7":1,"8":1,"9":1,"10":1,"11":1,"12":1,"13":1,"14":1,"15":1},"f":{},"b":{},"_coverageSchema":"1a1c01bbd47fc00a2c39e90264f33305004495a9","hash":"da96ecf0cfbb79b2ee111218e8672e083bc6cbf1"}
,"D:\\Kuliah\\KULIAH\\Semester 8\\Tugas Akhir\\Frontend Kafe\\backend_hotel_10683\\routes\\reportRoutes.js": {"path":"D:\\Kuliah\\KULIAH\\Semester 8\\Tugas Akhir\\Frontend Kafe\\backend_hotel_10683\\routes\\reportRoutes.js","statementMap":{"0":{"start":{"line":1,"column":16},"end":{"line":1,"column":34}},"1":{"start":{"line":3,"column":15},"end":{"line":3,"column":31}},"2":{"start":{"line":5,"column":25},"end":{"line":5,"column":66}},"3":{"start":{"line":8,"column":0},"end":{"line":8,"column":63}},"4":{"start":{"line":9,"column":0},"end":{"line":9,"column":63}},"5":{"start":{"line":11,"column":0},"end":{"line":11,"column":24}}},"fnMap":{},"branchMap":{},"s":{"0":1,"1":1,"2":1,"3":1,"4":1,"5":1},"f":{},"b":{},"_coverageSchema":"1a1c01bbd47fc00a2c39e90264f33305004495a9","hash":"9cde813627dca7f5b27288b22cfec7a05e39a420"}
,"D:\\Kuliah\\KULIAH\\Semester 8\\Tugas Akhir\\Frontend Kafe\\backend_hotel_10683\\routes\\seasonRoutes.js": {"path":"D:\\Kuliah\\KULIAH\\Semester 8\\Tugas Akhir\\Frontend Kafe\\backend_hotel_10683\\routes\\seasonRoutes.js","statementMap":{"0":{"start":{"line":1,"column":16},"end":{"line":1,"column":34}},"1":{"start":{"line":3,"column":15},"end":{"line":3,"column":35}},"2":{"start":{"line":5,"column":25},"end":{"line":5,"column":66}},"3":{"start":{"line":8,"column":0},"end":{"line":8,"column":59}},"4":{"start":{"line":9,"column":0},"end":{"line":9,"column":65}},"5":{"start":{"line":10,"column":0},"end":{"line":10,"column":81}},"6":{"start":{"line":11,"column":0},"end":{"line":11,"column":54}},"7":{"start":{"line":12,"column":0},"end":{"line":12,"column":63}},"8":{"start":{"line":13,"column":0},"end":{"line":13,"column":66}},"9":{"start":{"line":15,"column":0},"end":{"line":15,"column":24}}},"fnMap":{},"branchMap":{},"s":{"0":1,"1":1,"2":1,"3":1,"4":1,"5":1,"6":1,"7":1,"8":1,"9":1},"f":{},"b":{},"_coverageSchema":"1a1c01bbd47fc00a2c39e90264f33305004495a9","hash":"308fa5bd31566a9f6b49a59fb3ea72495c7ba29c"}
,"D:\\Kuliah\\KULIAH\\Semester 8\\Tugas Akhir\\Frontend Kafe\\backend_hotel_10683\\routes\\tarifRoutes.js": {"path":"D:\\Kuliah\\KULIAH\\Semester 8\\Tugas Akhir\\Frontend Kafe\\backend_hotel_10683\\routes\\tarifRoutes.js","statementMap":{"0":{"start":{"line":1,"column":16},"end":{"line":1,"column":34}},"1":{"start":{"line":3,"column":15},"end":{"line":3,"column":35}},"2":{"start":{"line":4,"column":13},"end":{"line":4,"column":42}},"3":{"start":{"line":5,"column":24},"end":{"line":5,"column":64}},"4":{"start":{"line":7,"column":0},"end":{"line":7,"column":17}},"5":{"start":{"line":8,"column":0},"end":{"line":8,"column":56}},"6":{"start":{"line":9,"column":0},"end":{"line":9,"column":62}},"7":{"start":{"line":10,"column":0},"end":{"line":10,"column":73}},"8":{"start":{"line":11,"column":0},"end":{"line":11,"column":71}},"9":{"start":{"line":12,"column":0},"end":{"line":12,"column":84}},"10":{"start":{"line":13,"column":0},"end":{"line":13,"column":51}},"11":{"start":{"line":14,"column":0},"end":{"line":14,"column":60}},"12":{"start":{"line":15,"column":0},"end":{"line":15,"column":63}},"13":{"start":{"line":17,"column":0},"end":{"line":17,"column":24}}},"fnMap":{},"branchMap":{},"s":{"0":1,"1":1,"2":1,"3":1,"4":1,"5":1,"6":1,"7":1,"8":1,"9":1,"10":1,"11":1,"12":1,"13":1},"f":{},"b":{},"_coverageSchema":"1a1c01bbd47fc00a2c39e90264f33305004495a9","hash":"d50b1835a20a3a22918ab4f72304868992f7c75f"}
,"D:\\Kuliah\\KULIAH\\Semester 8\\Tugas Akhir\\Frontend Kafe\\backend_hotel_10683\\routes\\transaksiRoutes.js": {"path":"D:\\Kuliah\\KULIAH\\Semester 8\\Tugas Akhir\\Frontend Kafe\\backend_hotel_10683\\routes\\transaksiRoutes.js","statementMap":{"0":{"start":{"line":1,"column":16},"end":{"line":1,"column":34}},"1":{"start":{"line":3,"column":15},"end":{"line":3,"column":35}},"2":{"start":{"line":4,"column":13},"end":{"line":4,"column":42}},"3":{"start":{"line":5,"column":28},"end":{"line":5,"column":72}},"4":{"start":{"line":7,"column":0},"end":{"line":7,"column":17}},"5":{"start":{"line":8,"column":0},"end":{"line":8,"column":75}},"6":{"start":{"line":9,"column":0},"end":{"line":9,"column":67}},"7":{"start":{"line":10,"column":0},"end":{"line":10,"column":75}},"8":{"start":{"line":11,"column":0},"end":{"line":11,"column":75}},"9":{"start":{"line":13,"column":0},"end":{"line":13,"column":82}},"10":{"start":{"line":14,"column":0},"end":{"line":14,"column":80}},"11":{"start":{"line":16,"column":0},"end":{"line":16,"column":56}},"12":{"start":{"line":17,"column":0},"end":{"line":17,"column":58}},"13":{"start":{"line":18,"column":0},"end":{"line":18,"column":80}},"14":{"start":{"line":20,"column":0},"end":{"line":20,"column":24}}},"fnMap":{},"branchMap":{},"s":{"0":1,"1":1,"2":1,"3":1,"4":1,"5":1,"6":1,"7":1,"8":1,"9":1,"10":1,"11":1,"12":1,"13":1,"14":1},"f":{},"b":{},"_coverageSchema":"1a1c01bbd47fc00a2c39e90264f33305004495a9","hash":"a2367a2c3d71b5cba72ef8b38ae455bbdeb9d26b"}
,"D:\\Kuliah\\KULIAH\\Semester 8\\Tugas Akhir\\Frontend Kafe\\backend_hotel_10683\\utils\\akunPassValidator.js": {"path":"D:\\Kuliah\\KULIAH\\Semester 8\\Tugas Akhir\\Frontend Kafe\\backend_hotel_10683\\utils\\akunPassValidator.js","statementMap":{"0":{"start":{"line":1,"column":12},"end":{"line":1,"column":26}},"1":{"start":{"line":3,"column":26},"end":{"line":15,"column":2}},"2":{"start":{"line":17,"column":0},"end":{"line":17,"column":35}}},"fnMap":{},"branchMap":{},"s":{"0":1,"1":1,"2":1},"f":{},"b":{},"_coverageSchema":"1a1c01bbd47fc00a2c39e90264f33305004495a9","hash":"b64f3398e53b76c0656f90c606a3a682a866f6c4"}
,"D:\\Kuliah\\KULIAH\\Semester 8\\Tugas Akhir\\Frontend Kafe\\backend_hotel_10683\\utils\\akunValidator.js": {"path":"D:\\Kuliah\\KULIAH\\Semester 8\\Tugas Akhir\\Frontend Kafe\\backend_hotel_10683\\utils\\akunValidator.js","statementMap":{"0":{"start":{"line":1,"column":12},"end":{"line":1,"column":26}},"1":{"start":{"line":3,"column":22},"end":{"line":9,"column":4}},"2":{"start":{"line":11,"column":2},"end":{"line":11,"column":33}}},"fnMap":{},"branchMap":{},"s":{"0":1,"1":1,"2":1},"f":{},"b":{},"_coverageSchema":"1a1c01bbd47fc00a2c39e90264f33305004495a9","hash":"9f915c3e01e0c297b21c8fc9f2795c7046f0d52d"}
,"D:\\Kuliah\\KULIAH\\Semester 8\\Tugas Akhir\\Frontend Kafe\\backend_hotel_10683\\utils\\availabilityValidator.js": {"path":"D:\\Kuliah\\KULIAH\\Semester 8\\Tugas Akhir\\Frontend Kafe\\backend_hotel_10683\\utils\\availabilityValidator.js","statementMap":{"0":{"start":{"line":1,"column":12},"end":{"line":1,"column":26}},"1":{"start":{"line":3,"column":30},"end":{"line":11,"column":2}},"2":{"start":{"line":13,"column":0},"end":{"line":13,"column":39}}},"fnMap":{},"branchMap":{},"s":{"0":1,"1":1,"2":1},"f":{},"b":{},"_coverageSchema":"1a1c01bbd47fc00a2c39e90264f33305004495a9","hash":"6648a4dcc6e58fbeab4d6534073eaa6859c56eb8"}
,"D:\\Kuliah\\KULIAH\\Semester 8\\Tugas Akhir\\Frontend Kafe\\backend_hotel_10683\\utils\\bcrypt.js": {"path":"D:\\Kuliah\\KULIAH\\Semester 8\\Tugas Akhir\\Frontend Kafe\\backend_hotel_10683\\utils\\bcrypt.js","statementMap":{"0":{"start":{"line":1,"column":15},"end":{"line":1,"column":32}},"1":{"start":{"line":3,"column":13},"end":{"line":6,"column":1}},"2":{"start":{"line":4,"column":15},"end":{"line":4,"column":39}},"3":{"start":{"line":5,"column":2},"end":{"line":5,"column":37}},"4":{"start":{"line":8,"column":16},"end":{"line":10,"column":1}},"5":{"start":{"line":9,"column":2},"end":{"line":9,"column":40}},"6":{"start":{"line":12,"column":0},"end":{"line":15,"column":2}}},"fnMap":{"0":{"name":"(anonymous_0)","decl":{"start":{"line":3,"column":13},"end":{"line":3,"column":14}},"loc":{"start":{"line":3,"column":33},"end":{"line":6,"column":1}},"line":3},"1":{"name":"(anonymous_1)","decl":{"start":{"line":8,"column":16},"end":{"line":8,"column":17}},"loc":{"start":{"line":8,"column":42},"end":{"line":10,"column":1}},"line":8}},"branchMap":{},"s":{"0":2,"1":2,"2":0,"3":0,"4":2,"5":0,"6":2},"f":{"0":0,"1":0},"b":{},"_coverageSchema":"1a1c01bbd47fc00a2c39e90264f33305004495a9","hash":"8d2dddb19a3b863a79a256bbd0edf95e59329f29"}
,"D:\\Kuliah\\KULIAH\\Semester 8\\Tugas Akhir\\Frontend Kafe\\backend_hotel_10683\\utils\\clearToken.js": {"path":"D:\\Kuliah\\KULIAH\\Semester 8\\Tugas Akhir\\Frontend Kafe\\backend_hotel_10683\\utils\\clearToken.js","statementMap":{"0":{"start":{"line":1,"column":19},"end":{"line":1,"column":58}},"1":{"start":{"line":1,"column":30},"end":{"line":1,"column":58}},"2":{"start":{"line":3,"column":0},"end":{"line":3,"column":28}}},"fnMap":{"0":{"name":"(anonymous_0)","decl":{"start":{"line":1,"column":19},"end":{"line":1,"column":20}},"loc":{"start":{"line":1,"column":30},"end":{"line":1,"column":58}},"line":1}},"branchMap":{},"s":{"0":3,"1":0,"2":3},"f":{"0":0},"b":{},"_coverageSchema":"1a1c01bbd47fc00a2c39e90264f33305004495a9","hash":"c41ac98ec16f0880083425d87e07d74689a8a56a"}
,"D:\\Kuliah\\KULIAH\\Semester 8\\Tugas Akhir\\Frontend Kafe\\backend_hotel_10683\\utils\\customerValidator.js": {"path":"D:\\Kuliah\\KULIAH\\Semester 8\\Tugas Akhir\\Frontend Kafe\\backend_hotel_10683\\utils\\customerValidator.js","statementMap":{"0":{"start":{"line":1,"column":12},"end":{"line":1,"column":26}},"1":{"start":{"line":3,"column":26},"end":{"line":12,"column":4}},"2":{"start":{"line":16,"column":2},"end":{"line":16,"column":37}}},"fnMap":{},"branchMap":{},"s":{"0":1,"1":1,"2":1},"f":{},"b":{},"_coverageSchema":"1a1c01bbd47fc00a2c39e90264f33305004495a9","hash":"3be251b93870f6b2f2b669dd823e53d7bf679c14"}
,"D:\\Kuliah\\KULIAH\\Semester 8\\Tugas Akhir\\Frontend Kafe\\backend_hotel_10683\\utils\\detailKamarValidator.js": {"path":"D:\\Kuliah\\KULIAH\\Semester 8\\Tugas Akhir\\Frontend Kafe\\backend_hotel_10683\\utils\\detailKamarValidator.js","statementMap":{"0":{"start":{"line":1,"column":12},"end":{"line":1,"column":26}},"1":{"start":{"line":3,"column":29},"end":{"line":6,"column":4}},"2":{"start":{"line":8,"column":2},"end":{"line":8,"column":40}}},"fnMap":{},"branchMap":{},"s":{"0":1,"1":1,"2":1},"f":{},"b":{},"_coverageSchema":"1a1c01bbd47fc00a2c39e90264f33305004495a9","hash":"c76ac236e74d2176c0b8db8535ef83955a3e4cba"}
,"D:\\Kuliah\\KULIAH\\Semester 8\\Tugas Akhir\\Frontend Kafe\\backend_hotel_10683\\utils\\detailReservasiFasilitasValidator.js": {"path":"D:\\Kuliah\\KULIAH\\Semester 8\\Tugas Akhir\\Frontend Kafe\\backend_hotel_10683\\utils\\detailReservasiFasilitasValidator.js","statementMap":{"0":{"start":{"line":1,"column":12},"end":{"line":1,"column":26}},"1":{"start":{"line":3,"column":42},"end":{"line":8,"column":4}},"2":{"start":{"line":10,"column":2},"end":{"line":10,"column":53}}},"fnMap":{},"branchMap":{},"s":{"0":1,"1":1,"2":1},"f":{},"b":{},"_coverageSchema":"1a1c01bbd47fc00a2c39e90264f33305004495a9","hash":"61c97a870e7aa17d189408fa5b170dd61bf43b29"}
,"D:\\Kuliah\\KULIAH\\Semester 8\\Tugas Akhir\\Frontend Kafe\\backend_hotel_10683\\utils\\detailReservasiKamarValidator.js": {"path":"D:\\Kuliah\\KULIAH\\Semester 8\\Tugas Akhir\\Frontend Kafe\\backend_hotel_10683\\utils\\detailReservasiKamarValidator.js","statementMap":{"0":{"start":{"line":1,"column":12},"end":{"line":1,"column":26}},"1":{"start":{"line":3,"column":38},"end":{"line":8,"column":4}},"2":{"start":{"line":10,"column":2},"end":{"line":10,"column":49}}},"fnMap":{},"branchMap":{},"s":{"0":1,"1":1,"2":1},"f":{},"b":{},"_coverageSchema":"1a1c01bbd47fc00a2c39e90264f33305004495a9","hash":"3c90b6d091a5e70fd10779f0c1b5287e820dcc78"}
,"D:\\Kuliah\\KULIAH\\Semester 8\\Tugas Akhir\\Frontend Kafe\\backend_hotel_10683\\utils\\fasilitasValidator.js": {"path":"D:\\Kuliah\\KULIAH\\Semester 8\\Tugas Akhir\\Frontend Kafe\\backend_hotel_10683\\utils\\fasilitasValidator.js","statementMap":{"0":{"start":{"line":1,"column":12},"end":{"line":1,"column":26}},"1":{"start":{"line":3,"column":27},"end":{"line":7,"column":4}},"2":{"start":{"line":9,"column":2},"end":{"line":9,"column":38}}},"fnMap":{},"branchMap":{},"s":{"0":1,"1":1,"2":1},"f":{},"b":{},"_coverageSchema":"1a1c01bbd47fc00a2c39e90264f33305004495a9","hash":"720b1bf1aea60eb02d98b49ad45745370bbacf50"}
,"D:\\Kuliah\\KULIAH\\Semester 8\\Tugas Akhir\\Frontend Kafe\\backend_hotel_10683\\utils\\kamarValidator.js": {"path":"D:\\Kuliah\\KULIAH\\Semester 8\\Tugas Akhir\\Frontend Kafe\\backend_hotel_10683\\utils\\kamarValidator.js","statementMap":{"0":{"start":{"line":1,"column":12},"end":{"line":1,"column":26}},"1":{"start":{"line":3,"column":23},"end":{"line":10,"column":4}},"2":{"start":{"line":12,"column":2},"end":{"line":12,"column":34}}},"fnMap":{},"branchMap":{},"s":{"0":1,"1":1,"2":1},"f":{},"b":{},"_coverageSchema":"1a1c01bbd47fc00a2c39e90264f33305004495a9","hash":"e661800addc3d4955dee1d89dafbd1fe6da28883"}
,"D:\\Kuliah\\KULIAH\\Semester 8\\Tugas Akhir\\Frontend Kafe\\backend_hotel_10683\\utils\\loginValidator.js": {"path":"D:\\Kuliah\\KULIAH\\Semester 8\\Tugas Akhir\\Frontend Kafe\\backend_hotel_10683\\utils\\loginValidator.js","statementMap":{"0":{"start":{"line":1,"column":12},"end":{"line":1,"column":26}},"1":{"start":{"line":3,"column":23},"end":{"line":6,"column":2}},"2":{"start":{"line":8,"column":0},"end":{"line":8,"column":32}}},"fnMap":{},"branchMap":{},"s":{"0":1,"1":1,"2":1},"f":{},"b":{},"_coverageSchema":"1a1c01bbd47fc00a2c39e90264f33305004495a9","hash":"cd947c6ac0565336072aa3a0727591b9781bcddf"}
,"D:\\Kuliah\\KULIAH\\Semester 8\\Tugas Akhir\\Frontend Kafe\\backend_hotel_10683\\utils\\pembayaranValidator.js": {"path":"D:\\Kuliah\\KULIAH\\Semester 8\\Tugas Akhir\\Frontend Kafe\\backend_hotel_10683\\utils\\pembayaranValidator.js","statementMap":{"0":{"start":{"line":1,"column":12},"end":{"line":1,"column":26}},"1":{"start":{"line":3,"column":25},"end":{"line":11,"column":2}},"2":{"start":{"line":14,"column":0},"end":{"line":14,"column":34}}},"fnMap":{},"branchMap":{},"s":{"0":1,"1":1,"2":1},"f":{},"b":{},"_coverageSchema":"1a1c01bbd47fc00a2c39e90264f33305004495a9","hash":"b8a28e47177ff40ec77dff40b76f6e707795a313"}
,"D:\\Kuliah\\KULIAH\\Semester 8\\Tugas Akhir\\Frontend Kafe\\backend_hotel_10683\\utils\\seasonValidator.js": {"path":"D:\\Kuliah\\KULIAH\\Semester 8\\Tugas Akhir\\Frontend Kafe\\backend_hotel_10683\\utils\\seasonValidator.js","statementMap":{"0":{"start":{"line":1,"column":12},"end":{"line":1,"column":26}},"1":{"start":{"line":3,"column":14},"end":{"line":3,"column":24}},"2":{"start":{"line":4,"column":17},"end":{"line":4,"column":58}},"3":{"start":{"line":6,"column":24},"end":{"line":19,"column":2}},"4":{"start":{"line":21,"column":0},"end":{"line":21,"column":33}}},"fnMap":{},"branchMap":{},"s":{"0":1,"1":1,"2":1,"3":1,"4":1},"f":{},"b":{},"_coverageSchema":"1a1c01bbd47fc00a2c39e90264f33305004495a9","hash":"26715a21eaafa52440782c247f048cb532689f2b"}
,"D:\\Kuliah\\KULIAH\\Semester 8\\Tugas Akhir\\Frontend Kafe\\backend_hotel_10683\\utils\\statusPembayaranValidator.js": {"path":"D:\\Kuliah\\KULIAH\\Semester 8\\Tugas Akhir\\Frontend Kafe\\backend_hotel_10683\\utils\\statusPembayaranValidator.js","statementMap":{"0":{"start":{"line":1,"column":12},"end":{"line":1,"column":26}},"1":{"start":{"line":3,"column":34},"end":{"line":6,"column":4}},"2":{"start":{"line":8,"column":2},"end":{"line":8,"column":45}}},"fnMap":{},"branchMap":{},"s":{"0":1,"1":1,"2":1},"f":{},"b":{},"_coverageSchema":"1a1c01bbd47fc00a2c39e90264f33305004495a9","hash":"183f517d0ed01a96b7a34b084368144f46a82df6"}
,"D:\\Kuliah\\KULIAH\\Semester 8\\Tugas Akhir\\Frontend Kafe\\backend_hotel_10683\\utils\\tambahFasilitasNotaValidator.js": {"path":"D:\\Kuliah\\KULIAH\\Semester 8\\Tugas Akhir\\Frontend Kafe\\backend_hotel_10683\\utils\\tambahFasilitasNotaValidator.js","statementMap":{"0":{"start":{"line":1,"column":12},"end":{"line":1,"column":26}},"1":{"start":{"line":3,"column":37},"end":{"line":8,"column":4}},"2":{"start":{"line":10,"column":2},"end":{"line":10,"column":48}}},"fnMap":{},"branchMap":{},"s":{"0":1,"1":1,"2":1},"f":{},"b":{},"_coverageSchema":"1a1c01bbd47fc00a2c39e90264f33305004495a9","hash":"147731670335f6a4311a77f8ab3165a54ee05638"}
,"D:\\Kuliah\\KULIAH\\Semester 8\\Tugas Akhir\\Frontend Kafe\\backend_hotel_10683\\utils\\tarifValidator.js": {"path":"D:\\Kuliah\\KULIAH\\Semester 8\\Tugas Akhir\\Frontend Kafe\\backend_hotel_10683\\utils\\tarifValidator.js","statementMap":{"0":{"start":{"line":1,"column":12},"end":{"line":1,"column":26}},"1":{"start":{"line":3,"column":23},"end":{"line":7,"column":2}},"2":{"start":{"line":14,"column":0},"end":{"line":14,"column":32}}},"fnMap":{},"branchMap":{},"s":{"0":1,"1":1,"2":1},"f":{},"b":{},"_coverageSchema":"1a1c01bbd47fc00a2c39e90264f33305004495a9","hash":"1386620d3c4a8451a14d717e777d15a72a444e16"}
,"D:\\Kuliah\\KULIAH\\Semester 8\\Tugas Akhir\\Frontend Kafe\\backend_hotel_10683\\utils\\transaksiValidator.js": {"path":"D:\\Kuliah\\KULIAH\\Semester 8\\Tugas Akhir\\Frontend Kafe\\backend_hotel_10683\\utils\\transaksiValidator.js","statementMap":{"0":{"start":{"line":1,"column":12},"end":{"line":1,"column":26}},"1":{"start":{"line":3,"column":27},"end":{"line":13,"column":4}},"2":{"start":{"line":17,"column":2},"end":{"line":17,"column":38}}},"fnMap":{},"branchMap":{},"s":{"0":1,"1":1,"2":1},"f":{},"b":{},"_coverageSchema":"1a1c01bbd47fc00a2c39e90264f33305004495a9","hash":"3fd2da6b33bd8004da5894d208b33359f2ef5caf"}
}
