TN:
SF:controller\akunController.js
FN:9,(anonymous_0)
FN:27,(anonymous_1)
FNF:2
FNH:0
FNDA:0,(anonymous_0)
FNDA:0,(anonymous_1)
DA:1,1
DA:2,1
DA:3,1
DA:4,1
DA:5,1
DA:9,1
DA:10,0
DA:12,0
DA:14,0
DA:15,0
DA:16,0
DA:19,0
DA:20,0
DA:22,0
DA:23,0
DA:27,1
DA:28,0
DA:30,0
DA:31,0
DA:32,0
DA:33,0
DA:34,0
DA:35,0
DA:37,0
DA:38,0
DA:39,0
DA:42,0
DA:44,0
DA:49,0
DA:50,0
DA:52,0
DA:53,0
DA:54,0
DA:56,0
DA:57,0
DA:62,1
LF:36
LH:8
BRDA:14,0,0,0
BRDA:14,0,1,0
BRDA:37,1,0,0
BRDA:37,1,1,0
BRDA:52,2,0,0
BRDA:52,2,1,0
BRF:6
BRH:0
end_of_record
TN:
SF:controller\authController.js
FN:24,(anonymous_0)
FN:80,(anonymous_1)
FN:135,(anonymous_2)
FNF:3
FNH:0
FNDA:0,(anonymous_0)
FNDA:0,(anonymous_1)
FNDA:0,(anonymous_2)
DA:1,1
DA:2,1
DA:3,1
DA:4,1
DA:5,1
DA:6,1
DA:7,1
DA:24,1
DA:25,0
DA:26,0
DA:28,0
DA:31,0
DA:32,0
DA:33,0
DA:34,0
DA:38,0
DA:41,0
DA:44,0
DA:54,0
DA:56,0
DA:57,0
DA:58,0
DA:59,0
DA:62,0
DA:68,0
DA:71,0
DA:72,0
DA:73,0
DA:76,0
DA:80,1
DA:81,0
DA:82,0
DA:83,0
DA:84,0
DA:86,0
DA:92,0
DA:93,0
DA:94,0
DA:95,0
DA:98,0
DA:102,0
DA:103,0
DA:104,0
DA:105,0
DA:108,0
DA:119,0
DA:127,0
DA:128,0
DA:130,0
DA:131,0
DA:135,1
DA:136,0
DA:140,0
DA:145,0
DA:147,0
DA:148,0
DA:149,0
DA:152,0
DA:156,1
LF:59
LH:11
BRDA:31,0,0,0
BRDA:31,0,1,0
BRDA:54,1,0,0
BRDA:54,1,1,0
BRDA:92,2,0,0
BRDA:92,2,1,0
BRDA:102,3,0,0
BRDA:102,3,1,0
BRF:8
BRH:0
end_of_record
TN:
SF:controller\customerController.js
FN:6,(anonymous_0)
FN:44,(anonymous_1)
FN:77,(anonymous_2)
FN:109,(anonymous_3)
FN:173,(anonymous_4)
FN:240,(anonymous_5)
FN:407,(anonymous_6)
FNF:7
FNH:0
FNDA:0,(anonymous_0)
FNDA:0,(anonymous_1)
FNDA:0,(anonymous_2)
FNDA:0,(anonymous_3)
FNDA:0,(anonymous_4)
FNDA:0,(anonymous_5)
FNDA:0,(anonymous_6)
DA:1,1
DA:2,1
DA:3,1
DA:4,1
DA:6,1
DA:7,0
DA:8,0
DA:10,0
DA:11,0
DA:13,0
DA:14,0
DA:15,0
DA:16,0
DA:19,0
DA:25,0
DA:26,0
DA:27,0
DA:28,0
DA:31,0
DA:37,0
DA:39,0
DA:40,0
DA:44,1
DA:45,0
DA:47,0
DA:48,0
DA:50,0
DA:56,0
DA:57,0
DA:62,0
DA:63,0
DA:66,0
DA:69,0
DA:71,0
DA:72,0
DA:77,1
DA:78,0
DA:80,0
DA:81,0
DA:83,0
DA:89,0
DA:90,0
DA:95,0
DA:96,0
DA:99,0
DA:102,0
DA:104,0
DA:105,0
DA:109,1
DA:110,0
DA:111,0
DA:112,0
DA:113,0
DA:116,0
DA:122,0
DA:123,0
DA:124,0
DA:129,0
DA:130,0
DA:132,0
DA:133,0
DA:134,0
DA:136,0
DA:141,0
DA:142,0
DA:146,0
DA:148,0
DA:150,0
DA:151,0
DA:152,0
DA:153,0
DA:156,0
DA:160,0
DA:166,0
DA:168,0
DA:169,0
DA:173,1
DA:174,0
DA:176,0
DA:177,0
DA:178,0
DA:179,0
DA:181,0
DA:182,0
DA:183,0
DA:184,0
DA:187,0
DA:188,0
DA:190,0
DA:196,0
DA:197,0
DA:202,0
DA:203,0
DA:207,0
DA:208,0
DA:213,0
DA:214,0
DA:217,0
DA:225,0
DA:231,0
DA:233,0
DA:234,0
DA:240,1
DA:241,0
DA:242,0
DA:244,0
DA:245,0
DA:246,0
DA:249,0
DA:251,0
DA:253,0
DA:254,0
DA:260,0
DA:261,0
DA:266,0
DA:267,0
DA:270,0
DA:272,0
DA:275,0
DA:276,0
DA:282,0
DA:283,0
DA:288,0
DA:289,0
DA:292,0
DA:294,0
DA:297,0
DA:298,0
DA:304,0
DA:305,0
DA:306,0
DA:307,0
DA:310,0
DA:315,0
DA:316,0
DA:322,0
DA:323,0
DA:328,0
DA:329,0
DA:332,0
DA:333,0
DA:335,0
DA:336,0
DA:338,0
DA:350,0
DA:351,0
DA:354,0
DA:356,0
DA:357,0
DA:361,0
DA:365,0
DA:366,0
DA:373,0
DA:374,0
DA:379,0
DA:394,0
DA:400,0
DA:402,0
DA:403,0
DA:407,1
DA:408,0
DA:409,0
DA:411,0
DA:412,0
DA:414,0
DA:443,0
DA:444,0
DA:449,0
DA:450,0
DA:453,0
DA:459,0
DA:461,0
DA:462,0
DA:466,1
LF:174
LH:12
BRDA:13,0,0,0
BRDA:13,0,1,0
BRDA:25,1,0,0
BRDA:25,1,1,0
BRDA:56,2,0,0
BRDA:56,2,1,0
BRDA:89,3,0,0
BRDA:89,3,1,0
BRDA:122,4,0,0
BRDA:122,4,1,0
BRDA:123,5,0,0
BRDA:123,5,1,0
BRDA:133,6,0,0
BRDA:133,6,1,0
BRDA:150,7,0,0
BRDA:150,7,1,0
BRDA:181,8,0,0
BRDA:181,8,1,0
BRDA:183,9,0,0
BRDA:183,9,1,0
BRDA:196,10,0,0
BRDA:196,10,1,0
BRDA:207,11,0,0
BRDA:207,11,1,0
BRDA:253,12,0,0
BRDA:253,12,1,0
BRDA:260,13,0,0
BRDA:260,13,1,0
BRDA:275,14,0,0
BRDA:275,14,1,0
BRDA:282,15,0,0
BRDA:282,15,1,0
BRDA:297,16,0,0
BRDA:297,16,1,0
BRDA:304,17,0,0
BRDA:304,17,1,0
BRDA:312,18,0,0
BRDA:312,18,1,0
BRDA:315,19,0,0
BRDA:315,19,1,0
BRDA:315,20,0,0
BRDA:315,20,1,0
BRDA:322,21,0,0
BRDA:322,21,1,0
BRDA:333,22,0,0
BRDA:333,22,1,0
BRDA:339,23,0,0
BRDA:339,23,1,0
BRDA:354,24,0,0
BRDA:354,24,1,0
BRDA:356,25,0,0
BRDA:356,25,1,0
BRDA:365,26,0,0
BRDA:365,26,1,0
BRDA:373,27,0,0
BRDA:373,27,1,0
BRDA:443,28,0,0
BRDA:443,28,1,0
BRF:58
BRH:0
end_of_record
TN:
SF:controller\fasilitasController.js
FN:6,(anonymous_0)
FN:27,(anonymous_1)
FN:53,(anonymous_2)
FN:79,(anonymous_3)
FN:101,(anonymous_4)
FN:141,(anonymous_5)
FNF:6
FNH:0
FNDA:0,(anonymous_0)
FNDA:0,(anonymous_1)
FNDA:0,(anonymous_2)
FNDA:0,(anonymous_3)
FNDA:0,(anonymous_4)
FNDA:0,(anonymous_5)
DA:1,1
DA:2,1
DA:3,1
DA:4,1
DA:6,1
DA:7,0
DA:8,0
DA:10,0
DA:11,0
DA:13,0
DA:14,0
DA:15,0
DA:16,0
DA:19,0
DA:20,0
DA:22,0
DA:23,0
DA:27,1
DA:28,0
DA:30,0
DA:31,0
DA:33,0
DA:39,0
DA:40,0
DA:41,0
DA:42,0
DA:45,0
DA:46,0
DA:48,0
DA:49,0
DA:53,1
DA:54,0
DA:55,0
DA:56,0
DA:58,0
DA:64,0
DA:65,0
DA:71,0
DA:72,0
DA:74,0
DA:75,0
DA:79,1
DA:80,0
DA:81,0
DA:82,0
DA:84,0
DA:88,0
DA:94,0
DA:96,0
DA:97,0
DA:101,1
DA:102,0
DA:104,0
DA:105,0
DA:106,0
DA:108,0
DA:114,0
DA:115,0
DA:116,0
DA:117,0
DA:120,0
DA:128,0
DA:134,0
DA:136,0
DA:137,0
DA:141,1
DA:142,0
DA:143,0
DA:145,0
DA:146,0
DA:152,0
DA:153,0
DA:154,0
DA:155,0
DA:158,0
DA:164,0
DA:170,0
DA:172,0
DA:173,0
DA:177,1
LF:80
LH:11
BRDA:13,0,0,0
BRDA:13,0,1,0
BRDA:39,1,0,0
BRDA:39,1,1,0
BRDA:64,2,0,0
BRDA:64,2,1,0
BRDA:114,3,0,0
BRDA:114,3,1,0
BRDA:152,4,0,0
BRDA:152,4,1,0
BRF:10
BRH:0
end_of_record
TN:
SF:controller\kamarController.js
FN:8,(anonymous_0)
FN:38,(anonymous_1)
FN:63,(anonymous_2)
FN:103,(anonymous_3)
FN:138,(anonymous_4)
FN:175,(anonymous_5)
FN:211,(anonymous_6)
FN:247,(anonymous_7)
FN:304,(anonymous_8)
FN:361,(anonymous_9)
FN:408,(anonymous_10)
FN:449,(anonymous_11)
FN:501,(anonymous_12)
FNF:13
FNH:0
FNDA:0,(anonymous_0)
FNDA:0,(anonymous_1)
FNDA:0,(anonymous_2)
FNDA:0,(anonymous_3)
FNDA:0,(anonymous_4)
FNDA:0,(anonymous_5)
FNDA:0,(anonymous_6)
FNDA:0,(anonymous_7)
FNDA:0,(anonymous_8)
FNDA:0,(anonymous_9)
FNDA:0,(anonymous_10)
FNDA:0,(anonymous_11)
FNDA:0,(anonymous_12)
DA:1,1
DA:2,1
DA:3,1
DA:4,1
DA:5,1
DA:6,1
DA:8,1
DA:9,0
DA:10,0
DA:12,0
DA:13,0
DA:24,0
DA:25,0
DA:26,0
DA:27,0
DA:30,0
DA:31,0
DA:33,0
DA:34,0
DA:38,1
DA:39,0
DA:40,0
DA:42,0
DA:43,0
DA:49,0
DA:50,0
DA:51,0
DA:52,0
DA:55,0
DA:56,0
DA:58,0
DA:59,0
DA:63,1
DA:64,0
DA:66,0
DA:67,0
DA:69,0
DA:83,0
DA:84,0
DA:89,0
DA:90,0
DA:93,0
DA:96,0
DA:98,0
DA:99,0
DA:103,1
DA:104,0
DA:106,0
DA:107,0
DA:109,0
DA:118,0
DA:119,0
DA:124,0
DA:125,0
DA:128,0
DA:131,0
DA:133,0
DA:134,0
DA:138,1
DA:139,0
DA:141,0
DA:142,0
DA:144,0
DA:158,0
DA:159,0
DA:165,0
DA:168,0
DA:170,0
DA:171,0
DA:175,1
DA:176,0
DA:177,0
DA:178,0
DA:180,0
DA:186,0
DA:187,0
DA:193,0
DA:197,0
DA:203,0
DA:205,0
DA:206,0
DA:207,0
DA:211,1
DA:212,0
DA:213,0
DA:214,0
DA:216,0
DA:222,0
DA:223,0
DA:229,0
DA:233,0
DA:239,0
DA:241,0
DA:242,0
DA:243,0
DA:247,1
DA:248,0
DA:250,0
DA:251,0
DA:252,0
DA:254,0
DA:260,0
DA:261,0
DA:267,0
DA:273,0
DA:274,0
DA:279,0
DA:280,0
DA:283,0
DA:291,0
DA:297,0
DA:299,0
DA:300,0
DA:304,1
DA:305,0
DA:307,0
DA:308,0
DA:309,0
DA:311,0
DA:317,0
DA:318,0
DA:324,0
DA:330,0
DA:331,0
DA:336,0
DA:337,0
DA:340,0
DA:348,0
DA:354,0
DA:356,0
DA:357,0
DA:361,1
DA:362,0
DA:364,0
DA:365,0
DA:367,0
DA:373,0
DA:374,0
DA:379,0
DA:380,0
DA:383,0
DA:396,0
DA:401,0
DA:403,0
DA:404,0
DA:408,1
DA:409,0
DA:411,0
DA:412,0
DA:414,0
DA:420,0
DA:421,0
DA:426,0
DA:427,0
DA:430,0
DA:436,0
DA:442,0
DA:444,0
DA:445,0
DA:449,1
DA:450,0
DA:452,0
DA:453,0
DA:455,0
DA:462,0
DA:464,0
DA:465,0
DA:467,0
DA:501,0
DA:503,0
DA:521,0
DA:522,0
DA:528,0
DA:531,0
DA:533,0
DA:534,0
DA:538,1
LF:177
LH:19
BRDA:24,0,0,0
BRDA:24,0,1,0
BRDA:49,1,0,0
BRDA:49,1,1,0
BRDA:83,2,0,0
BRDA:83,2,1,0
BRDA:118,3,0,0
BRDA:118,3,1,0
BRDA:158,4,0,0
BRDA:158,4,1,0
BRDA:186,5,0,0
BRDA:186,5,1,0
BRDA:222,6,0,0
BRDA:222,6,1,0
BRDA:260,7,0,0
BRDA:260,7,1,0
BRDA:273,8,0,0
BRDA:273,8,1,0
BRDA:317,9,0,0
BRDA:317,9,1,0
BRDA:330,10,0,0
BRDA:330,10,1,0
BRDA:373,11,0,0
BRDA:373,11,1,0
BRDA:420,12,0,0
BRDA:420,12,1,0
BRDA:521,13,0,0
BRDA:521,13,1,0
BRF:28
BRH:0
end_of_record
TN:
SF:controller\reportController.js
FN:5,(anonymous_0)
FN:52,(anonymous_1)
FNF:2
FNH:0
FNDA:0,(anonymous_0)
FNDA:0,(anonymous_1)
DA:1,1
DA:2,1
DA:3,1
DA:5,1
DA:6,0
DA:7,0
DA:9,0
DA:10,0
DA:34,0
DA:35,0
DA:40,0
DA:41,0
DA:44,0
DA:45,0
DA:47,0
DA:48,0
DA:52,1
DA:53,0
DA:54,0
DA:56,0
DA:57,0
DA:75,0
DA:76,0
DA:81,0
DA:82,0
DA:85,0
DA:86,0
DA:88,0
DA:89,0
DA:93,1
LF:30
LH:6
BRDA:34,0,0,0
BRDA:34,0,1,0
BRDA:75,1,0,0
BRDA:75,1,1,0
BRF:4
BRH:0
end_of_record
TN:
SF:controller\seasonController.js
FN:6,(anonymous_0)
FN:27,(anonymous_1)
FN:59,(anonymous_2)
FN:88,(anonymous_3)
FN:120,(anonymous_4)
FN:173,(anonymous_5)
FNF:6
FNH:0
FNDA:0,(anonymous_0)
FNDA:0,(anonymous_1)
FNDA:0,(anonymous_2)
FNDA:0,(anonymous_3)
FNDA:0,(anonymous_4)
FNDA:0,(anonymous_5)
DA:1,1
DA:2,1
DA:3,1
DA:4,1
DA:6,1
DA:7,0
DA:8,0
DA:10,0
DA:11,0
DA:13,0
DA:14,0
DA:15,0
DA:16,0
DA:19,0
DA:20,0
DA:22,0
DA:23,0
DA:27,1
DA:28,0
DA:30,0
DA:31,0
DA:33,0
DA:39,0
DA:40,0
DA:45,0
DA:46,0
DA:49,0
DA:52,0
DA:54,0
DA:55,0
DA:59,1
DA:60,0
DA:62,0
DA:63,0
DA:65,0
DA:71,0
DA:72,0
DA:78,0
DA:81,0
DA:83,0
DA:84,0
DA:88,1
DA:89,0
DA:90,0
DA:91,0
DA:93,0
DA:96,0
DA:97,0
DA:98,0
DA:99,0
DA:102,0
DA:106,0
DA:112,0
DA:114,0
DA:115,0
DA:116,0
DA:120,1
DA:121,0
DA:123,0
DA:124,0
DA:125,0
DA:127,0
DA:130,0
DA:131,0
DA:132,0
DA:133,0
DA:136,0
DA:142,0
DA:143,0
DA:148,0
DA:149,0
DA:152,0
DA:160,0
DA:166,0
DA:168,0
DA:169,0
DA:173,1
DA:174,0
DA:176,0
DA:177,0
DA:178,0
DA:184,0
DA:185,0
DA:190,0
DA:191,0
DA:194,0
DA:200,0
DA:206,0
DA:208,0
DA:209,0
DA:213,1
LF:91
LH:11
BRDA:13,0,0,0
BRDA:13,0,1,0
BRDA:39,1,0,0
BRDA:39,1,1,0
BRDA:71,2,0,0
BRDA:71,2,1,0
BRDA:96,3,0,0
BRDA:96,3,1,0
BRDA:130,4,0,0
BRDA:130,4,1,0
BRDA:142,5,0,0
BRDA:142,5,1,0
BRDA:184,6,0,0
BRDA:184,6,1,0
BRF:14
BRH:0
end_of_record
TN:
SF:controller\tarifController.js
FN:6,(anonymous_0)
FN:27,(anonymous_1)
FN:53,(anonymous_2)
FN:89,(anonymous_3)
FN:125,(anonymous_4)
FN:164,(anonymous_5)
FN:186,(anonymous_6)
FN:226,(anonymous_7)
FNF:8
FNH:0
FNDA:0,(anonymous_0)
FNDA:0,(anonymous_1)
FNDA:0,(anonymous_2)
FNDA:0,(anonymous_3)
FNDA:0,(anonymous_4)
FNDA:0,(anonymous_5)
FNDA:0,(anonymous_6)
FNDA:0,(anonymous_7)
DA:1,1
DA:2,1
DA:3,1
DA:4,1
DA:6,1
DA:7,0
DA:8,0
DA:10,0
DA:11,0
DA:13,0
DA:14,0
DA:15,0
DA:16,0
DA:19,0
DA:20,0
DA:22,0
DA:23,0
DA:27,1
DA:28,0
DA:30,0
DA:31,0
DA:33,0
DA:39,0
DA:40,0
DA:41,0
DA:42,0
DA:45,0
DA:46,0
DA:48,0
DA:49,0
DA:53,1
DA:54,0
DA:56,0
DA:57,0
DA:59,0
DA:60,0
DA:61,0
DA:62,0
DA:65,0
DA:71,0
DA:72,0
DA:77,0
DA:78,0
DA:81,0
DA:82,0
DA:84,0
DA:85,0
DA:89,1
DA:90,0
DA:92,0
DA:93,0
DA:95,0
DA:96,0
DA:97,0
DA:98,0
DA:101,0
DA:107,0
DA:108,0
DA:113,0
DA:114,0
DA:117,0
DA:118,0
DA:120,0
DA:121,0
DA:125,1
DA:126,0
DA:128,0
DA:129,0
DA:131,0
DA:132,0
DA:133,0
DA:134,0
DA:137,0
DA:146,0
DA:147,0
DA:152,0
DA:153,0
DA:156,0
DA:157,0
DA:159,0
DA:160,0
DA:164,1
DA:165,0
DA:166,0
DA:167,0
DA:169,0
DA:173,0
DA:179,0
DA:181,0
DA:182,0
DA:186,1
DA:187,0
DA:189,0
DA:190,0
DA:191,0
DA:193,0
DA:199,0
DA:200,0
DA:201,0
DA:202,0
DA:205,0
DA:213,0
DA:219,0
DA:221,0
DA:222,0
DA:226,1
DA:227,0
DA:228,0
DA:230,0
DA:231,0
DA:237,0
DA:238,0
DA:239,0
DA:240,0
DA:243,0
DA:249,0
DA:255,0
DA:257,0
DA:258,0
DA:262,1
LF:120
LH:13
BRDA:13,0,0,0
BRDA:13,0,1,0
BRDA:39,1,0,0
BRDA:39,1,1,0
BRDA:59,2,0,0
BRDA:59,2,1,0
BRDA:71,3,0,0
BRDA:71,3,1,0
BRDA:95,4,0,0
BRDA:95,4,1,0
BRDA:107,5,0,0
BRDA:107,5,1,0
BRDA:131,6,0,0
BRDA:131,6,1,0
BRDA:131,7,0,0
BRDA:131,7,1,0
BRDA:146,8,0,0
BRDA:146,8,1,0
BRDA:199,9,0,0
BRDA:199,9,1,0
BRDA:237,10,0,0
BRDA:237,10,1,0
BRF:22
BRH:0
end_of_record
TN:
SF:controller\transaksiController.js
FN:11,(anonymous_0)
FN:93,(anonymous_1)
FN:117,(anonymous_2)
FN:141,(anonymous_3)
FN:184,(anonymous_4)
FN:231,(anonymous_5)
FN:303,(anonymous_6)
FN:350,(anonymous_7)
FN:480,(anonymous_8)
FNF:9
FNH:0
FNDA:0,(anonymous_0)
FNDA:0,(anonymous_1)
FNDA:0,(anonymous_2)
FNDA:0,(anonymous_3)
FNDA:0,(anonymous_4)
FNDA:0,(anonymous_5)
FNDA:0,(anonymous_6)
FNDA:0,(anonymous_7)
FNDA:0,(anonymous_8)
DA:1,1
DA:2,1
DA:3,1
DA:4,1
DA:5,1
DA:6,1
DA:7,1
DA:8,1
DA:9,1
DA:11,1
DA:12,0
DA:13,0
DA:15,0
DA:16,0
DA:17,0
DA:18,0
DA:19,0
DA:20,0
DA:21,0
DA:22,0
DA:24,0
DA:25,0
DA:26,0
DA:27,0
DA:30,0
DA:31,0
DA:32,0
DA:34,0
DA:35,0
DA:36,0
DA:39,0
DA:45,0
DA:46,0
DA:48,0
DA:52,0
DA:53,0
DA:54,0
DA:60,0
DA:62,0
DA:63,0
DA:64,0
DA:65,0
DA:71,0
DA:72,0
DA:75,0
DA:76,0
DA:77,0
DA:79,0
DA:81,0
DA:85,0
DA:86,0
DA:88,0
DA:89,0
DA:93,1
DA:94,0
DA:95,0
DA:96,0
DA:99,0
DA:103,0
DA:109,0
DA:111,0
DA:112,0
DA:113,0
DA:117,1
DA:118,0
DA:119,0
DA:120,0
DA:123,0
DA:127,0
DA:133,0
DA:135,0
DA:136,0
DA:137,0
DA:141,1
DA:142,0
DA:144,0
DA:145,0
DA:147,0
DA:153,0
DA:154,0
DA:159,0
DA:160,0
DA:163,0
DA:164,0
DA:166,0
DA:168,0
DA:172,0
DA:178,0
DA:180,0
DA:184,1
DA:185,0
DA:187,0
DA:188,0
DA:192,0
DA:198,0
DA:199,0
DA:204,0
DA:205,0
DA:208,0
DA:218,0
DA:224,0
DA:226,0
DA:227,0
DA:231,1
DA:232,0
DA:234,0
DA:235,0
DA:237,0
DA:243,0
DA:244,0
DA:249,0
DA:250,0
DA:253,0
DA:258,0
DA:263,0
DA:264,0
DA:267,0
DA:268,0
DA:269,0
DA:273,0
DA:274,0
DA:275,0
DA:277,0
DA:280,0
DA:290,0
DA:296,0
DA:298,0
DA:299,0
DA:303,1
DA:304,0
DA:306,0
DA:307,0
DA:311,0
DA:317,0
DA:318,0
DA:323,0
DA:324,0
DA:327,0
DA:337,0
DA:343,0
DA:345,0
DA:346,0
DA:350,1
DA:351,0
DA:353,0
DA:354,0
DA:355,0
DA:356,0
DA:359,0
DA:365,0
DA:366,0
DA:371,0
DA:372,0
DA:377,0
DA:378,0
DA:379,0
DA:380,0
DA:381,0
DA:383,0
DA:384,0
DA:385,0
DA:387,0
DA:388,0
DA:389,0
DA:395,0
DA:401,0
DA:402,0
DA:404,0
DA:408,0
DA:414,0
DA:415,0
DA:424,0
DA:426,0
DA:434,0
DA:439,0
DA:445,0
DA:446,0
DA:451,0
DA:452,0
DA:455,0
DA:466,0
DA:473,0
DA:475,0
DA:476,0
DA:480,1
DA:481,0
DA:483,0
DA:484,0
DA:488,0
DA:494,0
DA:495,0
DA:500,0
DA:501,0
DA:504,0
DA:512,0
DA:518,0
DA:520,0
DA:521,0
DA:525,1
LF:199
LH:19
BRDA:24,0,0,0
BRDA:24,0,1,0
BRDA:37,1,0,0
BRDA:37,1,1,0
BRDA:45,2,0,0
BRDA:45,2,1,0
BRDA:52,3,0,0
BRDA:52,3,1,0
BRDA:64,4,0,0
BRDA:64,4,1,0
BRDA:153,5,0,0
BRDA:153,5,1,0
BRDA:198,6,0,0
BRDA:198,6,1,0
BRDA:243,7,0,0
BRDA:243,7,1,0
BRDA:253,8,0,0
BRDA:253,8,1,0
BRDA:254,9,0,0
BRDA:254,9,1,0
BRDA:254,9,2,0
BRDA:274,10,0,0
BRDA:274,10,1,0
BRDA:317,11,0,0
BRDA:317,11,1,0
BRDA:365,12,0,0
BRDA:365,12,1,0
BRDA:390,13,0,0
BRDA:390,13,1,0
BRDA:401,14,0,0
BRDA:401,14,1,0
BRDA:414,15,0,0
BRDA:414,15,1,0
BRDA:445,16,0,0
BRDA:445,16,1,0
BRDA:494,17,0,0
BRDA:494,17,1,0
BRF:37
BRH:0
end_of_record
TN:
SF:middleware\auth.js
FN:23,(anonymous_0)
FN:46,(anonymous_1)
FNF:2
FNH:0
FNDA:0,(anonymous_0)
FNDA:0,(anonymous_1)
DA:1,3
DA:2,3
DA:3,3
DA:4,3
DA:5,3
DA:23,3
DA:24,0
DA:27,0
DA:28,0
DA:30,0
DA:31,0
DA:32,0
DA:33,0
DA:36,0
DA:43,0
DA:47,0
DA:48,0
DA:49,0
DA:52,0
DA:53,0
DA:54,0
DA:55,0
DA:58,0
DA:59,0
DA:75,3
LF:25
LH:7
BRDA:30,0,0,0
BRDA:30,0,1,0
BRDA:30,1,0,0
BRDA:30,1,1,0
BRDA:47,2,0,0
BRDA:47,2,1,0
BRF:6
BRH:0
end_of_record
TN:
SF:model\Response.js
FN:2,(anonymous_0)
FN:10,(anonymous_1)
FNF:2
FNH:0
FNDA:0,(anonymous_0)
FNDA:0,(anonymous_1)
DA:3,0
DA:4,0
DA:5,0
DA:11,0
DA:12,0
DA:13,0
DA:14,0
DA:18,12
LF:8
LH:1
BRF:0
BRH:0
end_of_record
TN:
SF:prisma\client.js
FNF:0
FNH:0
DA:1,12
DA:3,12
DA:5,12
LF:3
LH:3
BRF:0
BRH:0
end_of_record
TN:
SF:routes\akunRoutes.js
FNF:0
FNH:0
DA:1,2
DA:3,2
DA:4,2
DA:5,2
DA:7,2
DA:8,2
DA:9,2
DA:11,2
LF:8
LH:8
BRF:0
BRH:0
end_of_record
TN:
SF:routes\authRoutes.js
FNF:0
FNH:0
DA:1,1
DA:3,1
DA:4,1
DA:6,1
DA:7,1
DA:8,1
DA:10,1
LF:7
LH:7
BRF:0
BRH:0
end_of_record
TN:
SF:routes\customerRoutes.js
FNF:0
FNH:0
DA:1,1
DA:2,1
DA:3,1
DA:4,1
DA:6,1
DA:7,1
DA:8,1
DA:9,1
DA:11,1
DA:12,1
DA:14,1
DA:15,1
DA:17,1
LF:13
LH:13
BRF:0
BRH:0
end_of_record
TN:
SF:routes\fasilitasRoutes.js
FNF:0
FNH:0
DA:1,1
DA:3,1
DA:5,1
DA:8,1
DA:9,1
DA:10,1
DA:11,1
DA:12,1
DA:13,1
DA:15,1
LF:10
LH:10
BRF:0
BRH:0
end_of_record
TN:
SF:routes\kamarRoutes.js
FNF:0
FNH:0
DA:1,1
DA:3,1
DA:5,1
DA:8,1
DA:9,1
DA:10,1
DA:11,1
DA:12,1
DA:13,1
DA:15,1
DA:16,1
DA:17,1
DA:18,1
DA:19,1
DA:22,1
DA:24,1
LF:16
LH:16
BRF:0
BRH:0
end_of_record
TN:
SF:routes\reportRoutes.js
FNF:0
FNH:0
DA:1,1
DA:3,1
DA:5,1
DA:8,1
DA:9,1
DA:11,1
LF:6
LH:6
BRF:0
BRH:0
end_of_record
TN:
SF:routes\seasonRoutes.js
FNF:0
FNH:0
DA:1,1
DA:3,1
DA:5,1
DA:8,1
DA:9,1
DA:10,1
DA:11,1
DA:12,1
DA:13,1
DA:15,1
LF:10
LH:10
BRF:0
BRH:0
end_of_record
TN:
SF:routes\tarifRoutes.js
FNF:0
FNH:0
DA:1,1
DA:3,1
DA:4,1
DA:5,1
DA:7,1
DA:8,1
DA:9,1
DA:10,1
DA:11,1
DA:12,1
DA:13,1
DA:14,1
DA:15,1
DA:17,1
LF:14
LH:14
BRF:0
BRH:0
end_of_record
TN:
SF:routes\transaksiRoutes.js
FNF:0
FNH:0
DA:1,1
DA:3,1
DA:4,1
DA:5,1
DA:7,1
DA:8,1
DA:9,1
DA:10,1
DA:11,1
DA:13,1
DA:14,1
DA:16,1
DA:17,1
DA:18,1
DA:20,1
LF:15
LH:15
BRF:0
BRH:0
end_of_record
TN:
SF:utils\akunPassValidator.js
FNF:0
FNH:0
DA:1,1
DA:3,1
DA:17,1
LF:3
LH:3
BRF:0
BRH:0
end_of_record
TN:
SF:utils\akunValidator.js
FNF:0
FNH:0
DA:1,1
DA:3,1
DA:11,1
LF:3
LH:3
BRF:0
BRH:0
end_of_record
TN:
SF:utils\availabilityValidator.js
FNF:0
FNH:0
DA:1,1
DA:3,1
DA:13,1
LF:3
LH:3
BRF:0
BRH:0
end_of_record
TN:
SF:utils\bcrypt.js
FN:3,(anonymous_0)
FN:8,(anonymous_1)
FNF:2
FNH:0
FNDA:0,(anonymous_0)
FNDA:0,(anonymous_1)
DA:1,2
DA:3,2
DA:4,0
DA:5,0
DA:8,2
DA:9,0
DA:12,2
LF:7
LH:4
BRF:0
BRH:0
end_of_record
TN:
SF:utils\clearToken.js
FN:1,(anonymous_0)
FNF:1
FNH:0
FNDA:0,(anonymous_0)
DA:1,3
DA:3,3
LF:2
LH:2
BRF:0
BRH:0
end_of_record
TN:
SF:utils\customerValidator.js
FNF:0
FNH:0
DA:1,1
DA:3,1
DA:16,1
LF:3
LH:3
BRF:0
BRH:0
end_of_record
TN:
SF:utils\detailKamarValidator.js
FNF:0
FNH:0
DA:1,1
DA:3,1
DA:8,1
LF:3
LH:3
BRF:0
BRH:0
end_of_record
TN:
SF:utils\detailReservasiFasilitasValidator.js
FNF:0
FNH:0
DA:1,1
DA:3,1
DA:10,1
LF:3
LH:3
BRF:0
BRH:0
end_of_record
TN:
SF:utils\detailReservasiKamarValidator.js
FNF:0
FNH:0
DA:1,1
DA:3,1
DA:10,1
LF:3
LH:3
BRF:0
BRH:0
end_of_record
TN:
SF:utils\fasilitasValidator.js
FNF:0
FNH:0
DA:1,1
DA:3,1
DA:9,1
LF:3
LH:3
BRF:0
BRH:0
end_of_record
TN:
SF:utils\kamarValidator.js
FNF:0
FNH:0
DA:1,1
DA:3,1
DA:12,1
LF:3
LH:3
BRF:0
BRH:0
end_of_record
TN:
SF:utils\loginValidator.js
FNF:0
FNH:0
DA:1,1
DA:3,1
DA:8,1
LF:3
LH:3
BRF:0
BRH:0
end_of_record
TN:
SF:utils\pembayaranValidator.js
FNF:0
FNH:0
DA:1,1
DA:3,1
DA:14,1
LF:3
LH:3
BRF:0
BRH:0
end_of_record
TN:
SF:utils\seasonValidator.js
FNF:0
FNH:0
DA:1,1
DA:3,1
DA:4,1
DA:6,1
DA:21,1
LF:5
LH:5
BRF:0
BRH:0
end_of_record
TN:
SF:utils\statusPembayaranValidator.js
FNF:0
FNH:0
DA:1,1
DA:3,1
DA:8,1
LF:3
LH:3
BRF:0
BRH:0
end_of_record
TN:
SF:utils\tambahFasilitasNotaValidator.js
FNF:0
FNH:0
DA:1,1
DA:3,1
DA:10,1
LF:3
LH:3
BRF:0
BRH:0
end_of_record
TN:
SF:utils\tarifValidator.js
FNF:0
FNH:0
DA:1,1
DA:3,1
DA:14,1
LF:3
LH:3
BRF:0
BRH:0
end_of_record
TN:
SF:utils\transaksiValidator.js
FNF:0
FNH:0
DA:1,1
DA:3,1
DA:17,1
LF:3
LH:3
BRF:0
BRH:0
end_of_record
